#-----------------------------------------------------------
# Vivado v2021.1 (64-bit)
# SW Build 3247384 on Thu Jun 10 19:36:07 MDT 2021
# IP Build 3246043 on Fri Jun 11 00:30:35 MDT 2021
# Start of session at: Sat Feb 28 16:42:24 2026
# Process ID: 3149614
# Current directory: /home/fftacc/FFT-Hardware/FFT-Processor-Design
# Command line: vivado -mode batch -source ./vivado_synthesis.tcl -tclargs fft_8_sol2_gen1 ./reports/fft_8_sol2_gen1_metrics.csv 10.0 /home/fftacc/FFT-Hardware/FFT-Processor-Design/generated_designs/fft_8_sol2_gen1.v /home/fftacc/FFT-Hardware/FFT-Processor-Design/generated_designs/fft_8_sol2_gen1_top.v /home/fftacc/FFT-Hardware/FFT-Processor-Design/verilog_sources
# Log file: /home/fftacc/FFT-Hardware/FFT-Processor-Design/vivado.log
# Journal file: /home/fftacc/FFT-Hardware/FFT-Processor-Design/vivado.jou
#-----------------------------------------------------------
source ./vivado_synthesis.tcl
# set design_name  [lindex $argv 0]
# set csv_output   [lindex $argv 1]
# set clock_period [lindex $argv 2]
# set core_file    [lindex $argv 3]
# set top_file     [lindex $argv 4]
# set verilog_dir  [lindex $argv 5]
# set fft_size     [lindex [split $design_name "_"] 1]
# set top_module   "${design_name}_top"
# puts "============================================================"
============================================================
# puts " Vivado synthesis: $design_name"
 Vivado synthesis: fft_8_sol2_gen1
# puts "   Core file : $core_file"
   Core file : /home/fftacc/FFT-Hardware/FFT-Processor-Design/generated_designs/fft_8_sol2_gen1.v
# puts "   Top  file : $top_file"
   Top  file : /home/fftacc/FFT-Hardware/FFT-Processor-Design/generated_designs/fft_8_sol2_gen1_top.v
# puts "   Lib  dir  : $verilog_dir"
   Lib  dir  : /home/fftacc/FFT-Hardware/FFT-Processor-Design/verilog_sources
# puts "   Top module: $top_module"
   Top module: fft_8_sol2_gen1_top
# puts "   CSV output: $csv_output"
   CSV output: ./reports/fft_8_sol2_gen1_metrics.csv
# puts "============================================================"
============================================================
# set project_dir "./vivado_projects/${design_name}"
# create_project -in_memory -part xc7a35tcpg236-1
# add_files -norecurse [glob ${verilog_dir}/*.v]
# add_files -norecurse $core_file
# add_files -norecurse $top_file
# set_property include_dirs $verilog_dir [current_fileset]
# set_property top $top_module [current_fileset]
# update_compile_order -fileset sources_1
# synth_design \
#     -top        $top_module \
#     -part       xc7a35tcpg236-1 \
#     -mode       out_of_context
Command: synth_design -top fft_8_sol2_gen1_top -part xc7a35tcpg236-1 -mode out_of_context
Starting synth_design
Attempting to get a license for feature 'Synthesis' and/or device 'xc7a35t'
INFO: [Common 17-349] Got license for feature 'Synthesis' and/or device 'xc7a35t'
INFO: [Synth 8-7079] Multithreading enabled for synth_design using a maximum of 4 processes.
INFO: [Synth 8-7078] Launching helper process for spawning children vivado processes
INFO: [Synth 8-7075] Helper process launched with PID 3149710
---------------------------------------------------------------------------------
Starting Synthesize : Time (s): cpu = 00:00:02 ; elapsed = 00:00:02 . Memory (MB): peak = 2556.324 ; gain = 0.000 ; free physical = 4619 ; free virtual = 22959
---------------------------------------------------------------------------------
INFO: [Synth 8-6157] synthesizing module 'fft_8_sol2_gen1_top' [/home/fftacc/FFT-Hardware/FFT-Processor-Design/generated_designs/fft_8_sol2_gen1_top.v:7]
INFO: [Synth 8-6157] synthesizing module 'bit_reverse' [/home/fftacc/FFT-Hardware/FFT-Processor-Design/verilog_sources/bit_reversal.v:1]
	Parameter MAX_N bound to: 8 - type: integer 
	Parameter WIDTH bound to: 3 - type: integer 
INFO: [Synth 8-6155] done synthesizing module 'bit_reverse' (1#1) [/home/fftacc/FFT-Hardware/FFT-Processor-Design/verilog_sources/bit_reversal.v:1]
INFO: [Synth 8-6157] synthesizing module 'fft_8_sol2_gen1_core' [/home/fftacc/FFT-Hardware/FFT-Processor-Design/generated_designs/fft_8_sol2_gen1.v:7]
	Parameter MAX_N bound to: 8 - type: integer 
	Parameter ADDR_WIDTH bound to: 3 - type: integer 
INFO: [Synth 8-6157] synthesizing module 'dit_fft_agu_variable' [/home/fftacc/FFT-Hardware/FFT-Processor-Design/verilog_sources/agu.v:1]
	Parameter MAX_N bound to: 8 - type: integer 
	Parameter ADDR_WIDTH bound to: 3 - type: integer 
WARNING: [Synth 8-151] case item 6'b010000 is unreachable [/home/fftacc/FFT-Hardware/FFT-Processor-Design/verilog_sources/agu.v:27]
WARNING: [Synth 8-151] case item 6'b100000 is unreachable [/home/fftacc/FFT-Hardware/FFT-Processor-Design/verilog_sources/agu.v:28]
INFO: [Synth 8-6157] synthesizing module 'twiddle_factor' [/home/fftacc/FFT-Hardware/FFT-Processor-Design/verilog_sources/twiddle_rom.v:3]
	Parameter MAX_N bound to: 8 - type: integer 
	Parameter ADDR_WIDTH bound to: 3 - type: integer 
CRITICAL WARNING: [Synth 8-4445] could not open $readmem data file 'twiddles_1024.txt'; please make sure the file is added to project and has read permission, ignoring [/home/fftacc/FFT-Hardware/FFT-Processor-Design/verilog_sources/twiddle_rom.v:21]
WARNING: [Synth 8-151] case item 32'b00000000000000000000010000000000 is unreachable [/home/fftacc/FFT-Hardware/FFT-Processor-Design/verilog_sources/twiddle_rom.v:31]
WARNING: [Synth 8-151] case item 32'b00000000000000000000001000000000 is unreachable [/home/fftacc/FFT-Hardware/FFT-Processor-Design/verilog_sources/twiddle_rom.v:32]
WARNING: [Synth 8-151] case item 32'b00000000000000000000000100000000 is unreachable [/home/fftacc/FFT-Hardware/FFT-Processor-Design/verilog_sources/twiddle_rom.v:33]
WARNING: [Synth 8-151] case item 32'b00000000000000000000000010000000 is unreachable [/home/fftacc/FFT-Hardware/FFT-Processor-Design/verilog_sources/twiddle_rom.v:34]
WARNING: [Synth 8-151] case item 32'b00000000000000000000000001000000 is unreachable [/home/fftacc/FFT-Hardware/FFT-Processor-Design/verilog_sources/twiddle_rom.v:35]
WARNING: [Synth 8-151] case item 32'b00000000000000000000000000100000 is unreachable [/home/fftacc/FFT-Hardware/FFT-Processor-Design/verilog_sources/twiddle_rom.v:36]
WARNING: [Synth 8-151] case item 32'b00000000000000000000000000010000 is unreachable [/home/fftacc/FFT-Hardware/FFT-Processor-Design/verilog_sources/twiddle_rom.v:37]
	1: Unable to determine number of words or word size in RAM. 
	2: No valid read/write found for RAM. 
RAM dissolved into registers
INFO: [Synth 8-6155] done synthesizing module 'twiddle_factor' (2#1) [/home/fftacc/FFT-Hardware/FFT-Processor-Design/verilog_sources/twiddle_rom.v:3]
WARNING: [Synth 8-7071] port 'PRECISION' of module 'twiddle_factor' is unconnected for instance 'tw_rom' [/home/fftacc/FFT-Hardware/FFT-Processor-Design/verilog_sources/agu.v:58]
WARNING: [Synth 8-7023] instance 'tw_rom' of module 'twiddle_factor' has 4 connections declared, but only 3 given [/home/fftacc/FFT-Hardware/FFT-Processor-Design/verilog_sources/agu.v:58]
INFO: [Synth 8-6155] done synthesizing module 'dit_fft_agu_variable' (3#1) [/home/fftacc/FFT-Hardware/FFT-Processor-Design/verilog_sources/agu.v:1]
WARNING: [Synth 8-689] width (2) of port connection 'curr_stage' does not match port width (3) of module 'dit_fft_agu_variable' [/home/fftacc/FFT-Hardware/FFT-Processor-Design/generated_designs/fft_8_sol2_gen1.v:93]
INFO: [Synth 8-6157] synthesizing module 'mixed_memory_unified' [/home/fftacc/FFT-Hardware/FFT-Processor-Design/verilog_sources/memory.v:8]
	Parameter n bound to: 8 - type: integer 
	Parameter ADDR_WIDTH bound to: 3 - type: integer 
INFO: [Synth 8-6155] done synthesizing module 'mixed_memory_unified' (4#1) [/home/fftacc/FFT-Hardware/FFT-Processor-Design/verilog_sources/memory.v:8]
ERROR: [Synth 8-439] module 'twiddle_factor_unified' not found [/home/fftacc/FFT-Hardware/FFT-Processor-Design/generated_designs/fft_8_sol2_gen1.v:192]
	Parameter MAX_N bound to: 32'sb00000000000000000000000000001000 
	Parameter ADDR_WIDTH bound to: 32'sb00000000000000000000000000000011 
ERROR: [Synth 8-6156] failed synthesizing module 'fft_8_sol2_gen1_core' [/home/fftacc/FFT-Hardware/FFT-Processor-Design/generated_designs/fft_8_sol2_gen1.v:7]
ERROR: [Synth 8-6156] failed synthesizing module 'fft_8_sol2_gen1_top' [/home/fftacc/FFT-Hardware/FFT-Processor-Design/generated_designs/fft_8_sol2_gen1_top.v:7]
---------------------------------------------------------------------------------
Finished Synthesize : Time (s): cpu = 00:00:03 ; elapsed = 00:00:03 . Memory (MB): peak = 2556.324 ; gain = 0.000 ; free physical = 1364 ; free virtual = 19705
---------------------------------------------------------------------------------
synthesize failed
INFO: [Common 17-83] Releasing license: Synthesis
15 Infos, 12 Warnings, 1 Critical Warnings and 4 Errors encountered.
synth_design failed
ERROR: [Common 17-69] Command failed: Vivado Synthesis failed
INFO: [Common 17-206] Exiting Vivado at Sat Feb 28 16:42:34 2026...
