#-----------------------------------------------------------
# Vivado v2021.1 (64-bit)
# SW Build 3247384 on Thu Jun 10 19:36:07 MDT 2021
# IP Build 3246043 on Fri Jun 11 00:30:35 MDT 2021
# Start of session at: Wed Mar 11 23:14:51 2026
# Process ID: 29667
# Current directory: /home/fftacc/FFT-Hardware/FFT-Processor-Design
# Command line: vivado -mode batch -source ./vivado_synthesis.tcl -tclargs fft_8_sol2_gen1 ./reports/fft_8_sol2_gen1_metrics.csv 10.0 /home/fftacc/FFT-Hardware/FFT-Processor-Design/generated_designs/fft_8_sol2_gen1.v /home/fftacc/FFT-Hardware/FFT-Processor-Design/generated_designs/fft_8_sol2_gen1_top.v /home/fftacc/FFT-Hardware/FFT-Processor-Design/verilog_sources
# Log file: /home/fftacc/FFT-Hardware/FFT-Processor-Design/vivado.log
# Journal file: /home/fftacc/FFT-Hardware/FFT-Processor-Design/vivado.jou
#-----------------------------------------------------------
source ./vivado_synthesis.tcl
# set design_name  [lindex $argv 0]
# set csv_output   [lindex $argv 1]
# set clock_period [lindex $argv 2]
# set core_file    [lindex $argv 3]
# set top_file     [lindex $argv 4]
# set verilog_dir  [lindex $argv 5]
# set top_module "${design_name}_top"
# puts "INFO: design_name  = $design_name"
INFO: design_name  = fft_8_sol2_gen1
# puts "INFO: top_module   = $top_module"
INFO: top_module   = fft_8_sol2_gen1_top
# puts "INFO: core_file    = $core_file"
INFO: core_file    = /home/fftacc/FFT-Hardware/FFT-Processor-Design/generated_designs/fft_8_sol2_gen1.v
# puts "INFO: top_file     = $top_file"
INFO: top_file     = /home/fftacc/FFT-Hardware/FFT-Processor-Design/generated_designs/fft_8_sol2_gen1_top.v
# puts "INFO: verilog_dir  = $verilog_dir"
INFO: verilog_dir  = /home/fftacc/FFT-Hardware/FFT-Processor-Design/verilog_sources
# puts "INFO: csv_output   = $csv_output"
INFO: csv_output   = ./reports/fft_8_sol2_gen1_metrics.csv
# puts "INFO: clock_period = $clock_period ns"
INFO: clock_period = 10.0 ns
# create_project -in_memory -part xc7a35tcpg236-1
# foreach f [glob ${verilog_dir}/*.v] {
#     add_files -norecurse $f
# }
# add_files -norecurse $core_file
# add_files -norecurse $top_file
# set_property include_dirs $verilog_dir [current_fileset]
# set_property top $top_module [current_fileset]
# update_compile_order -fileset sources_1
# synth_design \
#     -top  $top_module \
#     -part xc7a35tcpg236-1 \
#     -mode out_of_context
Command: synth_design -top fft_8_sol2_gen1_top -part xc7a35tcpg236-1 -mode out_of_context
Starting synth_design
Attempting to get a license for feature 'Synthesis' and/or device 'xc7a35t'
INFO: [Common 17-349] Got license for feature 'Synthesis' and/or device 'xc7a35t'
INFO: [Synth 8-7079] Multithreading enabled for synth_design using a maximum of 4 processes.
INFO: [Synth 8-7078] Launching helper process for spawning children vivado processes
INFO: [Synth 8-7075] Helper process launched with PID 29801
---------------------------------------------------------------------------------
Starting Synthesize : Time (s): cpu = 00:00:02 ; elapsed = 00:00:02 . Memory (MB): peak = 2556.328 ; gain = 0.000 ; free physical = 21574 ; free virtual = 27967
---------------------------------------------------------------------------------
INFO: [Synth 8-6157] synthesizing module 'fft_8_sol2_gen1_top' [/home/fftacc/FFT-Hardware/FFT-Processor-Design/generated_designs/fft_8_sol2_gen1_top.v:7]
INFO: [Synth 8-6157] synthesizing module 'bit_reverse' [/home/fftacc/FFT-Hardware/FFT-Processor-Design/verilog_sources/bit_reversal.v:1]
	Parameter MAX_N bound to: 1024 - type: integer 
	Parameter WIDTH bound to: 10 - type: integer 
INFO: [Synth 8-6155] done synthesizing module 'bit_reverse' (1#1) [/home/fftacc/FFT-Hardware/FFT-Processor-Design/verilog_sources/bit_reversal.v:1]
INFO: [Synth 8-6157] synthesizing module 'fft_8_sol2_gen1_core' [/home/fftacc/FFT-Hardware/FFT-Processor-Design/generated_designs/fft_8_sol2_gen1.v:7]
	Parameter MAX_N bound to: 1024 - type: integer 
	Parameter ADDR_WIDTH bound to: 10 - type: integer 
INFO: [Synth 8-6157] synthesizing module 'dit_fft_agu_variable' [/home/fftacc/FFT-Hardware/FFT-Processor-Design/verilog_sources/agu.v:1]
	Parameter MAX_N bound to: 1024 - type: integer 
	Parameter ADDR_WIDTH bound to: 10 - type: integer 
INFO: [Synth 8-6157] synthesizing module 'twiddle_factor_unified' [/home/fftacc/FFT-Hardware/FFT-Processor-Design/verilog_sources/twiddle_rom.v:3]
	Parameter MAX_N bound to: 1024 - type: integer 
	Parameter ADDR_WIDTH bound to: 10 - type: integer 
INFO: [Synth 8-3876] $readmem data file 'twiddles_1024.txt' is read successfully [/home/fftacc/FFT-Hardware/FFT-Processor-Design/verilog_sources/twiddle_rom.v:21]
WARNING: [Synth 8-151] case item 32'b00000000000000000000010000000000 is unreachable [/home/fftacc/FFT-Hardware/FFT-Processor-Design/verilog_sources/twiddle_rom.v:31]
INFO: [Synth 8-6155] done synthesizing module 'twiddle_factor_unified' (2#1) [/home/fftacc/FFT-Hardware/FFT-Processor-Design/verilog_sources/twiddle_rom.v:3]
WARNING: [Synth 8-7071] port 'PRECISION' of module 'twiddle_factor_unified' is unconnected for instance 'tw_rom' [/home/fftacc/FFT-Hardware/FFT-Processor-Design/verilog_sources/agu.v:60]
WARNING: [Synth 8-7023] instance 'tw_rom' of module 'twiddle_factor_unified' has 4 connections declared, but only 3 given [/home/fftacc/FFT-Hardware/FFT-Processor-Design/verilog_sources/agu.v:60]
INFO: [Synth 8-6155] done synthesizing module 'dit_fft_agu_variable' (3#1) [/home/fftacc/FFT-Hardware/FFT-Processor-Design/verilog_sources/agu.v:1]
INFO: [Synth 8-6157] synthesizing module 'mixed_memory_unified' [/home/fftacc/FFT-Hardware/FFT-Processor-Design/verilog_sources/memory.v:8]
	Parameter n bound to: 1024 - type: integer 
	Parameter ADDR_WIDTH bound to: 10 - type: integer 
INFO: [Synth 8-6155] done synthesizing module 'mixed_memory_unified' (4#1) [/home/fftacc/FFT-Hardware/FFT-Processor-Design/verilog_sources/memory.v:8]
INFO: [Synth 8-6157] synthesizing module 'butterfly_wrapper' [/home/fftacc/FFT-Hardware/FFT-Processor-Design/verilog_sources/mixed_precision_wrappers.v:3]
	Parameter MULT_PRECISION bound to: 0 - type: integer 
	Parameter ADD_PRECISION bound to: 0 - type: integer 
INFO: [Synth 8-6157] synthesizing module 'fp4_butterfly_generation_unit' [/home/fftacc/FFT-Hardware/FFT-Processor-Design/verilog_sources/butterfly.v:42]
INFO: [Synth 8-6157] synthesizing module 'fp4_cmul' [/home/fftacc/FFT-Hardware/FFT-Processor-Design/verilog_sources/multiplier.v:61]
INFO: [Synth 8-6157] synthesizing module 'fp4_mul' [/home/fftacc/FFT-Hardware/FFT-Processor-Design/verilog_sources/multiplier.v:7]
INFO: [Synth 8-6155] done synthesizing module 'fp4_mul' (5#1) [/home/fftacc/FFT-Hardware/FFT-Processor-Design/verilog_sources/multiplier.v:7]
INFO: [Synth 8-6157] synthesizing module 'fp4_add_sub' [/home/fftacc/FFT-Hardware/FFT-Processor-Design/verilog_sources/adder.v:1]
INFO: [Synth 8-6155] done synthesizing module 'fp4_add_sub' (6#1) [/home/fftacc/FFT-Hardware/FFT-Processor-Design/verilog_sources/adder.v:1]
INFO: [Synth 8-6155] done synthesizing module 'fp4_cmul' (7#1) [/home/fftacc/FFT-Hardware/FFT-Processor-Design/verilog_sources/multiplier.v:61]
INFO: [Synth 8-6157] synthesizing module 'fp4_complex_add_sub' [/home/fftacc/FFT-Hardware/FFT-Processor-Design/verilog_sources/adder.v:156]
INFO: [Synth 8-6155] done synthesizing module 'fp4_complex_add_sub' (8#1) [/home/fftacc/FFT-Hardware/FFT-Processor-Design/verilog_sources/adder.v:156]
INFO: [Synth 8-6155] done synthesizing module 'fp4_butterfly_generation_unit' (9#1) [/home/fftacc/FFT-Hardware/FFT-Processor-Design/verilog_sources/butterfly.v:42]
INFO: [Synth 8-6155] done synthesizing module 'butterfly_wrapper' (10#1) [/home/fftacc/FFT-Hardware/FFT-Processor-Design/verilog_sources/mixed_precision_wrappers.v:3]
INFO: [Synth 8-6157] synthesizing module 'butterfly_wrapper__parameterized0' [/home/fftacc/FFT-Hardware/FFT-Processor-Design/verilog_sources/mixed_precision_wrappers.v:3]
	Parameter MULT_PRECISION bound to: 1 - type: integer 
	Parameter ADD_PRECISION bound to: 1 - type: integer 
INFO: [Synth 8-6157] synthesizing module 'fp8_butterfly_generation_unit' [/home/fftacc/FFT-Hardware/FFT-Processor-Design/verilog_sources/butterfly.v:4]
INFO: [Synth 8-6157] synthesizing module 'fp8_cmul' [/home/fftacc/FFT-Hardware/FFT-Processor-Design/verilog_sources/multiplier.v:144]
INFO: [Synth 8-6157] synthesizing module 'fp8_mul' [/home/fftacc/FFT-Hardware/FFT-Processor-Design/verilog_sources/multiplier.v:90]
INFO: [Synth 8-6155] done synthesizing module 'fp8_mul' (11#1) [/home/fftacc/FFT-Hardware/FFT-Processor-Design/verilog_sources/multiplier.v:90]
INFO: [Synth 8-6157] synthesizing module 'fp8_add_sub' [/home/fftacc/FFT-Hardware/FFT-Processor-Design/verilog_sources/adder.v:191]
INFO: [Synth 8-6155] done synthesizing module 'fp8_add_sub' (12#1) [/home/fftacc/FFT-Hardware/FFT-Processor-Design/verilog_sources/adder.v:191]
INFO: [Synth 8-6155] done synthesizing module 'fp8_cmul' (13#1) [/home/fftacc/FFT-Hardware/FFT-Processor-Design/verilog_sources/multiplier.v:144]
INFO: [Synth 8-6157] synthesizing module 'fp8_complex_add_sub' [/home/fftacc/FFT-Hardware/FFT-Processor-Design/verilog_sources/adder.v:372]
INFO: [Synth 8-6155] done synthesizing module 'fp8_complex_add_sub' (14#1) [/home/fftacc/FFT-Hardware/FFT-Processor-Design/verilog_sources/adder.v:372]
INFO: [Synth 8-6155] done synthesizing module 'fp8_butterfly_generation_unit' (15#1) [/home/fftacc/FFT-Hardware/FFT-Processor-Design/verilog_sources/butterfly.v:4]
INFO: [Synth 8-6155] done synthesizing module 'butterfly_wrapper__parameterized0' (15#1) [/home/fftacc/FFT-Hardware/FFT-Processor-Design/verilog_sources/mixed_precision_wrappers.v:3]
INFO: [Synth 8-6157] synthesizing module 'fp8_to_fp4_converter' [/home/fftacc/FFT-Hardware/FFT-Processor-Design/verilog_sources/precision_converter.v:52]
INFO: [Synth 8-6155] done synthesizing module 'fp8_to_fp4_converter' (16#1) [/home/fftacc/FFT-Hardware/FFT-Processor-Design/verilog_sources/precision_converter.v:52]
INFO: [Synth 8-6157] synthesizing module 'fp4_to_fp8_converter' [/home/fftacc/FFT-Hardware/FFT-Processor-Design/verilog_sources/precision_converter.v:9]
INFO: [Synth 8-6155] done synthesizing module 'fp4_to_fp8_converter' (17#1) [/home/fftacc/FFT-Hardware/FFT-Processor-Design/verilog_sources/precision_converter.v:9]
INFO: [Synth 8-155] case statement is not full and has no default [/home/fftacc/FFT-Hardware/FFT-Processor-Design/generated_designs/fft_8_sol2_gen1.v:333]
INFO: [Synth 8-6155] done synthesizing module 'fft_8_sol2_gen1_core' (18#1) [/home/fftacc/FFT-Hardware/FFT-Processor-Design/generated_designs/fft_8_sol2_gen1.v:7]
INFO: [Synth 8-6155] done synthesizing module 'fft_8_sol2_gen1_top' (19#1) [/home/fftacc/FFT-Hardware/FFT-Processor-Design/generated_designs/fft_8_sol2_gen1_top.v:7]
---------------------------------------------------------------------------------
Finished Synthesize : Time (s): cpu = 00:00:09 ; elapsed = 00:00:09 . Memory (MB): peak = 2556.328 ; gain = 0.000 ; free physical = 21486 ; free virtual = 27903
---------------------------------------------------------------------------------
---------------------------------------------------------------------------------
Finished Constraint Validation : Time (s): cpu = 00:00:10 ; elapsed = 00:00:10 . Memory (MB): peak = 2556.328 ; gain = 0.000 ; free physical = 21286 ; free virtual = 27749
---------------------------------------------------------------------------------
---------------------------------------------------------------------------------
Start Loading Part and Timing Information
---------------------------------------------------------------------------------
Loading part: xc7a35tcpg236-1
---------------------------------------------------------------------------------
INFO: [Device 21-403] Loading part xc7a35tcpg236-1
Finished Loading Part and Timing Information : Time (s): cpu = 00:00:10 ; elapsed = 00:00:10 . Memory (MB): peak = 2564.184 ; gain = 7.855 ; free physical = 21278 ; free virtual = 27744
---------------------------------------------------------------------------------
INFO: [Synth 8-802] inferred FSM for state register 'state_reg' in module 'fft_8_sol2_gen1_core'
INFO: [Synth 8-802] inferred FSM for state register 'mem_state_reg' in module 'fft_8_sol2_gen1_top'
---------------------------------------------------------------------------------------------------
                   State |                     New Encoding |                Previous Encoding 
---------------------------------------------------------------------------------------------------
                    IDLE |                     000000000001 |                             0000
                    INIT |                     000000000010 |                             0001
                  READ_A |                     000000000100 |                             0010
                  WAIT_1 |                     000000001000 |                             0011
                  WAIT_A |                     000000010000 |                             0100
                  READ_B |                     000000100000 |                             0101
                  WAIT_2 |                     000001000000 |                             0110
                  WAIT_B |                     000010000000 |                             0111
                 COMPUTE |                     000100000000 |                             1000
                 WRITE_X |                     001000000000 |                             1001
                 WRITE_Y |                     010000000000 |                             1010
                    DONE |                     100000000000 |                             1011
---------------------------------------------------------------------------------------------------
INFO: [Synth 8-3354] encoded FSM with state register 'state_reg' using encoding 'one-hot' in module 'fft_8_sol2_gen1_core'
---------------------------------------------------------------------------------------------------
                   State |                     New Encoding |                Previous Encoding 
---------------------------------------------------------------------------------------------------
                MEM_IDLE |                               00 |                               00
               MEM_WRITE |                               01 |                               01
             MEM_PROCESS |                               10 |                               10
                MEM_READ |                               11 |                               11
---------------------------------------------------------------------------------------------------
INFO: [Synth 8-3354] encoded FSM with state register 'mem_state_reg' using encoding 'sequential' in module 'fft_8_sol2_gen1_top'
---------------------------------------------------------------------------------
Finished RTL Optimization Phase 2 : Time (s): cpu = 00:00:24 ; elapsed = 00:00:28 . Memory (MB): peak = 2564.184 ; gain = 7.855 ; free physical = 20338 ; free virtual = 26741
---------------------------------------------------------------------------------
INFO: [Synth 8-223] decloning instance 'fft_core/bf_stage1_inst' (butterfly_wrapper__parameterized0) to 'fft_core/bf_stage2_inst'
No constraint files found.
---------------------------------------------------------------------------------
Start RTL Component Statistics 
---------------------------------------------------------------------------------
Detailed RTL Component Info : 
+---Adders : 
	   2 Input   32 Bit       Adders := 4     
	   2 Input   11 Bit       Adders := 1     
	   2 Input   10 Bit       Adders := 9     
	   2 Input    6 Bit       Adders := 4     
	   3 Input    6 Bit       Adders := 6     
	   2 Input    5 Bit       Adders := 34    
	   3 Input    5 Bit       Adders := 6     
	   2 Input    4 Bit       Adders := 8     
	   3 Input    4 Bit       Adders := 6     
	   2 Input    3 Bit       Adders := 4     
	   3 Input    2 Bit       Adders := 6     
	   2 Input    2 Bit       Adders := 22    
+---XORs : 
	   2 Input      1 Bit         XORs := 8     
+---Registers : 
	               24 Bit    Registers := 2053  
	               16 Bit    Registers := 3     
	               10 Bit    Registers := 11    
	                1 Bit    Registers := 17    
+---Muxes : 
	   2 Input   24 Bit        Muxes := 6     
	  12 Input   24 Bit        Muxes := 1     
	   2 Input   16 Bit        Muxes := 11    
	   3 Input   16 Bit        Muxes := 4     
	   4 Input   16 Bit        Muxes := 2     
	  12 Input   12 Bit        Muxes := 1     
	   2 Input   12 Bit        Muxes := 1     
	  10 Input   10 Bit        Muxes := 2     
	   2 Input   10 Bit        Muxes := 8     
	  12 Input   10 Bit        Muxes := 2     
	   4 Input   10 Bit        Muxes := 4     
	   2 Input    8 Bit        Muxes := 22    
	   2 Input    6 Bit        Muxes := 10    
	   2 Input    5 Bit        Muxes := 76    
	   2 Input    4 Bit        Muxes := 42    
	   3 Input    4 Bit        Muxes := 1     
	   5 Input    3 Bit        Muxes := 1     
	   2 Input    3 Bit        Muxes := 31    
	   4 Input    3 Bit        Muxes := 6     
	   3 Input    3 Bit        Muxes := 4     
	   2 Input    2 Bit        Muxes := 74    
	   3 Input    2 Bit        Muxes := 1     
	   4 Input    2 Bit        Muxes := 1     
	   2 Input    1 Bit        Muxes := 103   
	   6 Input    1 Bit        Muxes := 6     
	   4 Input    1 Bit        Muxes := 21    
	  12 Input    1 Bit        Muxes := 6     
---------------------------------------------------------------------------------
Finished RTL Component Statistics 
---------------------------------------------------------------------------------
---------------------------------------------------------------------------------
Start Part Resource Summary
---------------------------------------------------------------------------------
Part Resources:
DSPs: 90 (col length:60)
BRAMs: 100 (col length: RAMB18 60 RAMB36 30)
---------------------------------------------------------------------------------
Finished Part Resource Summary
---------------------------------------------------------------------------------
No constraint files found.
---------------------------------------------------------------------------------
Start Cross Boundary and Area Optimization
---------------------------------------------------------------------------------
DSP Report: Generating DSP idx_a, operation Mode is: C+A*B.
DSP Report: operator idx_a is absorbed into DSP idx_a.
DSP Report: operator group_offset is absorbed into DSP idx_a.
DSP Report: Generating DSP k_idx, operation Mode is: A*B.
DSP Report: operator k_idx is absorbed into DSP k_idx.
---------------------------------------------------------------------------------
Finished Cross Boundary and Area Optimization : Time (s): cpu = 00:01:17 ; elapsed = 00:01:26 . Memory (MB): peak = 2633.184 ; gain = 76.855 ; free physical = 19916 ; free virtual = 26490
---------------------------------------------------------------------------------
---------------------------------------------------------------------------------
Start ROM, RAM, DSP, Shift Register and Retiming Reporting
---------------------------------------------------------------------------------

ROM: Preliminary Mapping Report
+-----------------------+------------+---------------+----------------+
|Module Name            | RTL Object | Depth x Width | Implemented As | 
+-----------------------+------------+---------------+----------------+
|twiddle_factor_unified | p_0_out    | 512x19        | LUT            | 
|dit_fft_agu_variable   | p_0_out    | 512x19        | LUT            | 
|twiddle_factor_unified | p_0_out    | 512x19        | LUT            | 
+-----------------------+------------+---------------+----------------+


DSP: Preliminary Mapping Report (see note below)
+---------------------+-------------+--------+--------+--------+--------+--------+------+------+------+------+-------+------+------+
|Module Name          | DSP Mapping | A Size | B Size | C Size | D Size | P Size | AREG | BREG | CREG | DREG | ADREG | MREG | PREG | 
+---------------------+-------------+--------+--------+--------+--------+--------+------+------+------+------+-------+------+------+
|dit_fft_agu_variable | C+A*B       | 10     | 10     | 10     | -      | 10     | 0    | 0    | 0    | -    | -     | 0    | 0    | 
|dit_fft_agu_variable | A*B         | 10     | 10     | -      | -      | 20     | 0    | 0    | -    | -    | -     | 0    | 0    | 
+---------------------+-------------+--------+--------+--------+--------+--------+------+------+------+------+-------+------+------+

Note: The table above is a preliminary report that shows the DSPs inferred at the current stage of the synthesis flow. Some DSP may be reimplemented as non DSP primitives later in the synthesis flow. Multiple instantiated DSPs are reported only once.
---------------------------------------------------------------------------------
Finished ROM, RAM, DSP, Shift Register and Retiming Reporting
---------------------------------------------------------------------------------
No constraint files found.
---------------------------------------------------------------------------------
Start Timing Optimization
---------------------------------------------------------------------------------
---------------------------------------------------------------------------------
Finished Timing Optimization : Time (s): cpu = 00:01:18 ; elapsed = 00:01:26 . Memory (MB): peak = 2633.184 ; gain = 76.855 ; free physical = 20163 ; free virtual = 26740
---------------------------------------------------------------------------------
---------------------------------------------------------------------------------
Start Technology Mapping
---------------------------------------------------------------------------------
---------------------------------------------------------------------------------
Finished Technology Mapping : Time (s): cpu = 00:01:27 ; elapsed = 00:01:36 . Memory (MB): peak = 2664.895 ; gain = 108.566 ; free physical = 19733 ; free virtual = 26309
---------------------------------------------------------------------------------
---------------------------------------------------------------------------------
Start IO Insertion
---------------------------------------------------------------------------------
---------------------------------------------------------------------------------
Start Flattening Before IO Insertion
---------------------------------------------------------------------------------
---------------------------------------------------------------------------------
Finished Flattening Before IO Insertion
---------------------------------------------------------------------------------
---------------------------------------------------------------------------------
Start Final Netlist Cleanup
---------------------------------------------------------------------------------
---------------------------------------------------------------------------------
Finished Final Netlist Cleanup
---------------------------------------------------------------------------------
---------------------------------------------------------------------------------
Finished IO Insertion : Time (s): cpu = 00:01:35 ; elapsed = 00:01:44 . Memory (MB): peak = 2664.895 ; gain = 108.566 ; free physical = 21128 ; free virtual = 27660
---------------------------------------------------------------------------------
---------------------------------------------------------------------------------
Start Renaming Generated Instances
---------------------------------------------------------------------------------
---------------------------------------------------------------------------------
Finished Renaming Generated Instances : Time (s): cpu = 00:01:35 ; elapsed = 00:01:44 . Memory (MB): peak = 2664.895 ; gain = 108.566 ; free physical = 21128 ; free virtual = 27660
---------------------------------------------------------------------------------
---------------------------------------------------------------------------------
Start Rebuilding User Hierarchy
---------------------------------------------------------------------------------
---------------------------------------------------------------------------------
Finished Rebuilding User Hierarchy : Time (s): cpu = 00:01:38 ; elapsed = 00:01:47 . Memory (MB): peak = 2664.895 ; gain = 108.566 ; free physical = 21099 ; free virtual = 27631
---------------------------------------------------------------------------------
---------------------------------------------------------------------------------
Start Renaming Generated Ports
---------------------------------------------------------------------------------
---------------------------------------------------------------------------------
Finished Renaming Generated Ports : Time (s): cpu = 00:01:38 ; elapsed = 00:01:47 . Memory (MB): peak = 2664.895 ; gain = 108.566 ; free physical = 21103 ; free virtual = 27635
---------------------------------------------------------------------------------
---------------------------------------------------------------------------------
Start Handling Custom Attributes
---------------------------------------------------------------------------------
---------------------------------------------------------------------------------
Finished Handling Custom Attributes : Time (s): cpu = 00:01:38 ; elapsed = 00:01:47 . Memory (MB): peak = 2664.895 ; gain = 108.566 ; free physical = 21103 ; free virtual = 27635
---------------------------------------------------------------------------------
---------------------------------------------------------------------------------
Start Renaming Generated Nets
---------------------------------------------------------------------------------
---------------------------------------------------------------------------------
Finished Renaming Generated Nets : Time (s): cpu = 00:01:38 ; elapsed = 00:01:47 . Memory (MB): peak = 2664.895 ; gain = 108.566 ; free physical = 21118 ; free virtual = 27650
---------------------------------------------------------------------------------
---------------------------------------------------------------------------------
Start Writing Synthesis Report
---------------------------------------------------------------------------------

Report BlackBoxes: 
+-+--------------+----------+
| |BlackBox name |Instances |
+-+--------------+----------+
+-+--------------+----------+

Report Cell Usage: 
+------+--------+------+
|      |Cell    |Count |
+------+--------+------+
|1     |CARRY4  |    52|
|2     |DSP48E1 |     2|
|3     |LUT1    |    32|
|4     |LUT2    |   743|
|5     |LUT3    |  1172|
|6     |LUT4    |   313|
|7     |LUT5    |   926|
|8     |LUT6    | 15254|
|9     |MUXF7   |  6530|
|10    |MUXF8   |  3264|
|11    |FDCE    | 49472|
|12    |FDPE    |     9|
+------+--------+------+

Report Instance Areas: 
+------+----------------------------------------+----------------------------------+------+
|      |Instance                                |Module                            |Cells |
+------+----------------------------------------+----------------------------------+------+
|1     |top                                     |                                  | 77769|
|2     |  fft_core                              |fft_8_sol2_gen1_core              | 77554|
|3     |    agu_inst                            |dit_fft_agu_variable              |   833|
|4     |    bf_stage0_inst                      |butterfly_wrapper                 |    50|
|5     |      \USE_PURE_FP4.fp4_butterfly_inst  |fp4_butterfly_generation_unit     |    50|
|6     |    bf_stage1_inst                      |butterfly_wrapper__parameterized0 |   486|
|7     |      \USE_PURE_FP8.fp8_butterfly_inst  |fp8_butterfly_generation_unit     |   486|
|8     |    memory_inst                         |mixed_memory_unified              | 75933|
+------+----------------------------------------+----------------------------------+------+
---------------------------------------------------------------------------------
Finished Writing Synthesis Report : Time (s): cpu = 00:01:38 ; elapsed = 00:01:47 . Memory (MB): peak = 2664.895 ; gain = 108.566 ; free physical = 21134 ; free virtual = 27667
---------------------------------------------------------------------------------
Synthesis finished with 0 errors, 0 critical warnings and 3 warnings.
Synthesis Optimization Runtime : Time (s): cpu = 00:01:38 ; elapsed = 00:01:47 . Memory (MB): peak = 2664.895 ; gain = 108.566 ; free physical = 21146 ; free virtual = 27678
Synthesis Optimization Complete : Time (s): cpu = 00:01:38 ; elapsed = 00:01:47 . Memory (MB): peak = 2664.902 ; gain = 108.566 ; free physical = 21146 ; free virtual = 27678
INFO: [Project 1-571] Translating synthesized netlist
Netlist sorting complete. Time (s): cpu = 00:00:00.51 ; elapsed = 00:00:00.50 . Memory (MB): peak = 2664.902 ; gain = 0.000 ; free physical = 20300 ; free virtual = 26826
INFO: [Netlist 29-17] Analyzing 9848 Unisim elements for replacement
INFO: [Netlist 29-28] Unisim Transformation completed in 0 CPU seconds
WARNING: [Netlist 29-101] Netlist 'fft_8_sol2_gen1_top' is not ideal for floorplanning, since the cellview 'mixed_memory_unified' contains a large number of primitives.  Please consider enabling hierarchy in synthesis if you want to do floorplanning.
INFO: [Project 1-570] Preparing netlist for logic optimization
INFO: [Opt 31-138] Pushed 0 inverter(s) to 0 load pin(s).
Netlist sorting complete. Time (s): cpu = 00:00:00 ; elapsed = 00:00:00.01 . Memory (MB): peak = 2720.922 ; gain = 0.000 ; free physical = 19203 ; free virtual = 25728
INFO: [Project 1-111] Unisim Transformation Summary:
No Unisim elements were transformed.

Synth Design complete, checksum: f30ae354
INFO: [Common 17-83] Releasing license: Synthesis
59 Infos, 4 Warnings, 0 Critical Warnings and 0 Errors encountered.
synth_design completed successfully
synth_design: Time (s): cpu = 00:01:50 ; elapsed = 00:01:55 . Memory (MB): peak = 2720.922 ; gain = 164.727 ; free physical = 19539 ; free virtual = 26065
# create_clock -period $clock_period -name clk [get_ports clk]
# opt_design
Command: opt_design
Attempting to get a license for feature 'Implementation' and/or device 'xc7a35t'
INFO: [Common 17-349] Got license for feature 'Implementation' and/or device 'xc7a35t'
Running DRC as a precondition to command opt_design

Starting DRC Task
INFO: [DRC 23-27] Running DRC with 8 threads
INFO: [Project 1-461] DRC finished with 0 Errors
INFO: [Project 1-462] Please refer to the DRC report (report_drc) for more information.

Time (s): cpu = 00:00:02 ; elapsed = 00:00:00.65 . Memory (MB): peak = 2784.953 ; gain = 64.031 ; free physical = 20292 ; free virtual = 26806

Starting Cache Timing Information Task
INFO: [Timing 38-35] Done setting XDC timing constraints.
Ending Cache Timing Information Task | Checksum: 1e80de782

Time (s): cpu = 00:00:07 ; elapsed = 00:00:06 . Memory (MB): peak = 2958.766 ; gain = 173.812 ; free physical = 19687 ; free virtual = 26217
INFO: [Common 17-41] Interrupt caught. Command should exit soon.
1
INFO: [Common 17-83] Releasing license: Implementation
7 Infos, 0 Warnings, 0 Critical Warnings and 1 Errors encountered.
opt_design failed
INFO: [Common 17-344] 'source' was cancelled
INFO: [Common 17-206] Exiting Vivado at Wed Mar 11 23:17:00 2026...
