#-----------------------------------------------------------
# Vivado v2021.1 (64-bit)
# SW Build 3247384 on Thu Jun 10 19:36:07 MDT 2021
# IP Build 3246043 on Fri Jun 11 00:30:35 MDT 2021
# Start of session at: Wed Mar 11 22:28:20 2026
# Process ID: 19958
# Current directory: /home/fftacc/FFT-Hardware/FFT-Processor-Design
# Command line: vivado -mode batch -source ./vivado_synthesis.tcl -tclargs fft_8_sol5_gen1 ./reports/fft_8_sol5_gen1_metrics.csv 10.0 /home/fftacc/FFT-Hardware/FFT-Processor-Design/generated_designs/fft_8_sol5_gen1.v /home/fftacc/FFT-Hardware/FFT-Processor-Design/generated_designs/fft_8_sol5_gen1_top.v /home/fftacc/FFT-Hardware/FFT-Processor-Design/verilog_sources
# Log file: /home/fftacc/FFT-Hardware/FFT-Processor-Design/vivado.log
# Journal file: /home/fftacc/FFT-Hardware/FFT-Processor-Design/vivado.jou
#-----------------------------------------------------------
source ./vivado_synthesis.tcl
# set design_name  [lindex $argv 0]
# set csv_output   [lindex $argv 1]
# set clock_period [lindex $argv 2]
# set core_file    [lindex $argv 3]
# set top_file     [lindex $argv 4]
# set verilog_dir  [lindex $argv 5]
# set top_module "${design_name}_top"
# puts "INFO: design_name  = $design_name"
INFO: design_name  = fft_8_sol5_gen1
# puts "INFO: top_module   = $top_module"
INFO: top_module   = fft_8_sol5_gen1_top
# puts "INFO: core_file    = $core_file"
INFO: core_file    = /home/fftacc/FFT-Hardware/FFT-Processor-Design/generated_designs/fft_8_sol5_gen1.v
# puts "INFO: top_file     = $top_file"
INFO: top_file     = /home/fftacc/FFT-Hardware/FFT-Processor-Design/generated_designs/fft_8_sol5_gen1_top.v
# puts "INFO: verilog_dir  = $verilog_dir"
INFO: verilog_dir  = /home/fftacc/FFT-Hardware/FFT-Processor-Design/verilog_sources
# puts "INFO: csv_output   = $csv_output"
INFO: csv_output   = ./reports/fft_8_sol5_gen1_metrics.csv
# puts "INFO: clock_period = $clock_period ns"
INFO: clock_period = 10.0 ns
# create_project -in_memory -part xc7a35tcpg236-1
# foreach f [glob ${verilog_dir}/*.v] {
#     add_files -norecurse $f
# }
# add_files -norecurse $core_file
# add_files -norecurse $top_file
# set_property include_dirs $verilog_dir [current_fileset]
# set_property top $top_module [current_fileset]
# update_compile_order -fileset sources_1
# synth_design \
#     -top  $top_module \
#     -part xc7a35tcpg236-1 \
#     -mode out_of_context
Command: synth_design -top fft_8_sol5_gen1_top -part xc7a35tcpg236-1 -mode out_of_context
Starting synth_design
Attempting to get a license for feature 'Synthesis' and/or device 'xc7a35t'
INFO: [Common 17-349] Got license for feature 'Synthesis' and/or device 'xc7a35t'
INFO: [Synth 8-7079] Multithreading enabled for synth_design using a maximum of 4 processes.
INFO: [Synth 8-7078] Launching helper process for spawning children vivado processes
INFO: [Synth 8-7075] Helper process launched with PID 20029
ERROR: [Synth 8-2715] syntax error near @ [/home/fftacc/FFT-Hardware/FFT-Processor-Design/generated_designs/fft_8_sol5_gen1.v:385]
ERROR: [Synth 8-2715] syntax error near / [/home/fftacc/FFT-Hardware/FFT-Processor-Design/generated_designs/fft_8_sol5_gen1.v:385]
ERROR: [Synth 8-2715] syntax error near / [/home/fftacc/FFT-Hardware/FFT-Processor-Design/generated_designs/fft_8_sol5_gen1.v:385]
ERROR: [Synth 8-2715] syntax error near / [/home/fftacc/FFT-Hardware/FFT-Processor-Design/generated_designs/fft_8_sol5_gen1.v:385]
ERROR: [Synth 8-2715] syntax error near / [/home/fftacc/FFT-Hardware/FFT-Processor-Design/generated_designs/fft_8_sol5_gen1.v:385]
ERROR: [Synth 8-2715] syntax error near / [/home/fftacc/FFT-Hardware/FFT-Processor-Design/generated_designs/fft_8_sol5_gen1.v:385]
ERROR: [Synth 8-2715] syntax error near / [/home/fftacc/FFT-Hardware/FFT-Processor-Design/generated_designs/fft_8_sol5_gen1.v:385]
ERROR: [Synth 8-2715] syntax error near / [/home/fftacc/FFT-Hardware/FFT-Processor-Design/generated_designs/fft_8_sol5_gen1.v:385]
ERROR: [Synth 8-2715] syntax error near / [/home/fftacc/FFT-Hardware/FFT-Processor-Design/generated_designs/fft_8_sol5_gen1.v:385]
ERROR: [Synth 8-2715] syntax error near / [/home/fftacc/FFT-Hardware/FFT-Processor-Design/generated_designs/fft_8_sol5_gen1.v:385]
ERROR: [Synth 8-2715] syntax error near / [/home/fftacc/FFT-Hardware/FFT-Processor-Design/generated_designs/fft_8_sol5_gen1.v:385]
ERROR: [Synth 8-2715] syntax error near / [/home/fftacc/FFT-Hardware/FFT-Processor-Design/generated_designs/fft_8_sol5_gen1.v:385]
ERROR: [Synth 8-2715] syntax error near / [/home/fftacc/FFT-Hardware/FFT-Processor-Design/generated_designs/fft_8_sol5_gen1.v:385]
ERROR: [Synth 8-2715] syntax error near / [/home/fftacc/FFT-Hardware/FFT-Processor-Design/generated_designs/fft_8_sol5_gen1.v:386]
ERROR: [Synth 8-2715] syntax error near : [/home/fftacc/FFT-Hardware/FFT-Processor-Design/generated_designs/fft_8_sol5_gen1.v:386]
ERROR: [Synth 8-2715] syntax error near 4 [/home/fftacc/FFT-Hardware/FFT-Processor-Design/generated_designs/fft_8_sol5_gen1.v:386]
ERROR: [Synth 8-1892] digits must follow decimal point in real 32. [/home/fftacc/FFT-Hardware/FFT-Processor-Design/generated_designs/fft_8_sol5_gen1.v:386]
ERROR: [Synth 8-2715] syntax error near : [/home/fftacc/FFT-Hardware/FFT-Processor-Design/generated_designs/fft_8_sol5_gen1.v:387]
ERROR: [Synth 8-2715] syntax error near ) [/home/fftacc/FFT-Hardware/FFT-Processor-Design/generated_designs/fft_8_sol5_gen1.v:387]
Failed to read verilog '/home/fftacc/FFT-Hardware/FFT-Processor-Design/generated_designs/fft_8_sol5_gen1.v'
INFO: [Common 17-83] Releasing license: Synthesis
5 Infos, 0 Warnings, 0 Critical Warnings and 20 Errors encountered.
synth_design failed
ERROR: [Common 17-69] Command failed: Vivado Synthesis failed
INFO: [Common 17-41] Interrupt caught. Command should exit soon.
INFO: [Common 17-206] Exiting Vivado at Wed Mar 11 22:28:29 2026...
