#-----------------------------------------------------------
# Vivado v2021.1 (64-bit)
# SW Build 3247384 on Thu Jun 10 19:36:07 MDT 2021
# IP Build 3246043 on Fri Jun 11 00:30:35 MDT 2021
# Start of session at: Thu Mar 12 17:38:56 2026
# Process ID: 60479
# Current directory: /home/fftacc/FFT-Hardware/FFT-Processor-Design
# Command line: vivado -mode batch -source ./vivado_synthesis.tcl -tclargs fft_8_sol3_gen2 ./reports/fft_8_sol3_gen2_metrics.csv 10.0 /home/fftacc/FFT-Hardware/FFT-Processor-Design/generated_designs/fft_8_sol3_gen2.v /home/fftacc/FFT-Hardware/FFT-Processor-Design/generated_designs/fft_8_sol3_gen2_top.v /home/fftacc/FFT-Hardware/FFT-Processor-Design/verilog_sources
# Log file: /home/fftacc/FFT-Hardware/FFT-Processor-Design/vivado.log
# Journal file: /home/fftacc/FFT-Hardware/FFT-Processor-Design/vivado.jou
#-----------------------------------------------------------
source ./vivado_synthesis.tcl
# set design_name  [lindex $argv 0]
# set csv_output   [lindex $argv 1]
# set clock_period [lindex $argv 2]
# set core_file    [lindex $argv 3]
# set top_file     [lindex $argv 4]
# set verilog_dir  [lindex $argv 5]
# set top_module "${design_name}_top"
# puts "INFO: design_name  = $design_name"
INFO: design_name  = fft_8_sol3_gen2
# puts "INFO: top_module   = $top_module"
INFO: top_module   = fft_8_sol3_gen2_top
# puts "INFO: core_file    = $core_file"
INFO: core_file    = /home/fftacc/FFT-Hardware/FFT-Processor-Design/generated_designs/fft_8_sol3_gen2.v
# puts "INFO: top_file     = $top_file"
INFO: top_file     = /home/fftacc/FFT-Hardware/FFT-Processor-Design/generated_designs/fft_8_sol3_gen2_top.v
# puts "INFO: verilog_dir  = $verilog_dir"
INFO: verilog_dir  = /home/fftacc/FFT-Hardware/FFT-Processor-Design/verilog_sources
# puts "INFO: csv_output   = $csv_output"
INFO: csv_output   = ./reports/fft_8_sol3_gen2_metrics.csv
# puts "INFO: clock_period = $clock_period ns"
INFO: clock_period = 10.0 ns
# create_project -in_memory -part xc7a35tcpg236-1
# foreach f [glob ${verilog_dir}/*.v] {
#     add_files -norecurse $f
# }
# add_files -norecurse $core_file
# add_files -norecurse $top_file
# set_property include_dirs $verilog_dir [current_fileset]
# set_property top $top_module [current_fileset]
# update_compile_order -fileset sources_1
# synth_design \
#     -top  $top_module \
#     -part xc7a35tcpg236-1 \
#     -mode out_of_context
Command: synth_design -top fft_8_sol3_gen2_top -part xc7a35tcpg236-1 -mode out_of_context
Starting synth_design
Attempting to get a license for feature 'Synthesis' and/or device 'xc7a35t'
INFO: [Common 17-349] Got license for feature 'Synthesis' and/or device 'xc7a35t'
INFO: [Synth 8-7079] Multithreading enabled for synth_design using a maximum of 4 processes.
INFO: [Synth 8-7078] Launching helper process for spawning children vivado processes
INFO: [Synth 8-7075] Helper process launched with PID 60550
WARNING: [Synth 8-2292] literal value truncated to fit in 10 bits [/home/fftacc/FFT-Hardware/FFT-Processor-Design/verilog_sources/agu.v:28]
WARNING: [Synth 8-2292] literal value truncated to fit in 10 bits [/home/fftacc/FFT-Hardware/FFT-Processor-Design/verilog_sources/bit_reversal.v:15]
WARNING: [Synth 8-6901] identifier 'X_wr_24' is used before its declaration [/home/fftacc/FFT-Hardware/FFT-Processor-Design/generated_designs/fft_8_sol3_gen2.v:174]
WARNING: [Synth 8-6901] identifier 'Y_wr_24' is used before its declaration [/home/fftacc/FFT-Hardware/FFT-Processor-Design/generated_designs/fft_8_sol3_gen2.v:175]
---------------------------------------------------------------------------------
Starting Synthesize : Time (s): cpu = 00:00:03 ; elapsed = 00:00:03 . Memory (MB): peak = 2563.328 ; gain = 0.000 ; free physical = 21070 ; free virtual = 27710
---------------------------------------------------------------------------------
INFO: [Synth 8-6157] synthesizing module 'fft_8_sol3_gen2_top' [/home/fftacc/FFT-Hardware/FFT-Processor-Design/generated_designs/fft_8_sol3_gen2_top.v:13]
INFO: [Synth 8-6157] synthesizing module 'bit_reverse' [/home/fftacc/FFT-Hardware/FFT-Processor-Design/verilog_sources/bit_reversal.v:1]
	Parameter MAX_N bound to: 1024 - type: integer 
	Parameter WIDTH bound to: 10 - type: integer 
INFO: [Synth 8-6155] done synthesizing module 'bit_reverse' (1#1) [/home/fftacc/FFT-Hardware/FFT-Processor-Design/verilog_sources/bit_reversal.v:1]
INFO: [Synth 8-6157] synthesizing module 'fft_8_sol3_gen2_core' [/home/fftacc/FFT-Hardware/FFT-Processor-Design/generated_designs/fft_8_sol3_gen2.v:9]
	Parameter MAX_N bound to: 1024 - type: integer 
	Parameter ADDR_WIDTH bound to: 10 - type: integer 
INFO: [Synth 8-6157] synthesizing module 'dit_fft_agu_variable' [/home/fftacc/FFT-Hardware/FFT-Processor-Design/verilog_sources/agu.v:1]
	Parameter MAX_N bound to: 1024 - type: integer 
	Parameter ADDR_WIDTH bound to: 10 - type: integer 
INFO: [Synth 8-6155] done synthesizing module 'dit_fft_agu_variable' (2#1) [/home/fftacc/FFT-Hardware/FFT-Processor-Design/verilog_sources/agu.v:1]
INFO: [Synth 8-6157] synthesizing module 'twiddle_factor_unified' [/home/fftacc/FFT-Hardware/FFT-Processor-Design/verilog_sources/twiddle_rom.v:3]
	Parameter MAX_N bound to: 1024 - type: integer 
	Parameter ADDR_WIDTH bound to: 10 - type: integer 
INFO: [Synth 8-3876] $readmem data file 'twiddles_1024.txt' is read successfully [/home/fftacc/FFT-Hardware/FFT-Processor-Design/verilog_sources/twiddle_rom.v:21]
WARNING: [Synth 8-151] case item 32'b00000000000000000000010000000000 is unreachable [/home/fftacc/FFT-Hardware/FFT-Processor-Design/verilog_sources/twiddle_rom.v:31]
INFO: [Synth 8-6155] done synthesizing module 'twiddle_factor_unified' (3#1) [/home/fftacc/FFT-Hardware/FFT-Processor-Design/verilog_sources/twiddle_rom.v:3]
INFO: [Synth 8-6157] synthesizing module 'mixed_memory_unified' [/home/fftacc/FFT-Hardware/FFT-Processor-Design/verilog_sources/memory.v:8]
	Parameter n bound to: 1024 - type: integer 
	Parameter ADDR_WIDTH bound to: 10 - type: integer 
INFO: [Synth 8-6155] done synthesizing module 'mixed_memory_unified' (4#1) [/home/fftacc/FFT-Hardware/FFT-Processor-Design/verilog_sources/memory.v:8]
INFO: [Synth 8-6157] synthesizing module 'butterfly_wrapper' [/home/fftacc/FFT-Hardware/FFT-Processor-Design/verilog_sources/mixed_precision_wrappers.v:3]
	Parameter MULT_PRECISION bound to: 0 - type: integer 
	Parameter ADD_PRECISION bound to: 0 - type: integer 
INFO: [Synth 8-6157] synthesizing module 'fp4_butterfly_generation_unit' [/home/fftacc/FFT-Hardware/FFT-Processor-Design/verilog_sources/butterfly.v:42]
INFO: [Synth 8-6157] synthesizing module 'fp4_cmul' [/home/fftacc/FFT-Hardware/FFT-Processor-Design/verilog_sources/multiplier.v:61]
INFO: [Synth 8-6157] synthesizing module 'fp4_mul' [/home/fftacc/FFT-Hardware/FFT-Processor-Design/verilog_sources/multiplier.v:7]
INFO: [Synth 8-6155] done synthesizing module 'fp4_mul' (5#1) [/home/fftacc/FFT-Hardware/FFT-Processor-Design/verilog_sources/multiplier.v:7]
INFO: [Synth 8-6157] synthesizing module 'fp4_add_sub' [/home/fftacc/FFT-Hardware/FFT-Processor-Design/verilog_sources/adder.v:1]
INFO: [Synth 8-6155] done synthesizing module 'fp4_add_sub' (6#1) [/home/fftacc/FFT-Hardware/FFT-Processor-Design/verilog_sources/adder.v:1]
INFO: [Synth 8-6155] done synthesizing module 'fp4_cmul' (7#1) [/home/fftacc/FFT-Hardware/FFT-Processor-Design/verilog_sources/multiplier.v:61]
INFO: [Synth 8-6157] synthesizing module 'fp4_complex_add_sub' [/home/fftacc/FFT-Hardware/FFT-Processor-Design/verilog_sources/adder.v:117]
INFO: [Synth 8-6155] done synthesizing module 'fp4_complex_add_sub' (8#1) [/home/fftacc/FFT-Hardware/FFT-Processor-Design/verilog_sources/adder.v:117]
INFO: [Synth 8-6155] done synthesizing module 'fp4_butterfly_generation_unit' (9#1) [/home/fftacc/FFT-Hardware/FFT-Processor-Design/verilog_sources/butterfly.v:42]
INFO: [Synth 8-6155] done synthesizing module 'butterfly_wrapper' (10#1) [/home/fftacc/FFT-Hardware/FFT-Processor-Design/verilog_sources/mixed_precision_wrappers.v:3]
INFO: [Synth 8-6157] synthesizing module 'butterfly_wrapper__parameterized0' [/home/fftacc/FFT-Hardware/FFT-Processor-Design/verilog_sources/mixed_precision_wrappers.v:3]
	Parameter MULT_PRECISION bound to: 1 - type: integer 
	Parameter ADD_PRECISION bound to: 0 - type: integer 
INFO: [Synth 8-6157] synthesizing module 'butterfly_generation_unit_4add_8mul' [/home/fftacc/FFT-Hardware/FFT-Processor-Design/verilog_sources/butterfly.v:79]
INFO: [Synth 8-6157] synthesizing module 'fp8_cmul' [/home/fftacc/FFT-Hardware/FFT-Processor-Design/verilog_sources/multiplier.v:144]
INFO: [Synth 8-6157] synthesizing module 'fp8_mul' [/home/fftacc/FFT-Hardware/FFT-Processor-Design/verilog_sources/multiplier.v:90]
INFO: [Synth 8-6155] done synthesizing module 'fp8_mul' (11#1) [/home/fftacc/FFT-Hardware/FFT-Processor-Design/verilog_sources/multiplier.v:90]
INFO: [Synth 8-6157] synthesizing module 'fp8_add_sub' [/home/fftacc/FFT-Hardware/FFT-Processor-Design/verilog_sources/adder.v:143]
INFO: [Synth 8-6155] done synthesizing module 'fp8_add_sub' (12#1) [/home/fftacc/FFT-Hardware/FFT-Processor-Design/verilog_sources/adder.v:143]
INFO: [Synth 8-6155] done synthesizing module 'fp8_cmul' (13#1) [/home/fftacc/FFT-Hardware/FFT-Processor-Design/verilog_sources/multiplier.v:144]
INFO: [Synth 8-6157] synthesizing module 'complex_fp8_to_fp4' [/home/fftacc/FFT-Hardware/FFT-Processor-Design/verilog_sources/precision_converter.v:108]
INFO: [Synth 8-6157] synthesizing module 'fp8_to_fp4_converter' [/home/fftacc/FFT-Hardware/FFT-Processor-Design/verilog_sources/precision_converter.v:52]
INFO: [Synth 8-6155] done synthesizing module 'fp8_to_fp4_converter' (14#1) [/home/fftacc/FFT-Hardware/FFT-Processor-Design/verilog_sources/precision_converter.v:52]
INFO: [Synth 8-6155] done synthesizing module 'complex_fp8_to_fp4' (15#1) [/home/fftacc/FFT-Hardware/FFT-Processor-Design/verilog_sources/precision_converter.v:108]
INFO: [Synth 8-6155] done synthesizing module 'butterfly_generation_unit_4add_8mul' (16#1) [/home/fftacc/FFT-Hardware/FFT-Processor-Design/verilog_sources/butterfly.v:79]
INFO: [Synth 8-6155] done synthesizing module 'butterfly_wrapper__parameterized0' (16#1) [/home/fftacc/FFT-Hardware/FFT-Processor-Design/verilog_sources/mixed_precision_wrappers.v:3]
INFO: [Synth 8-6157] synthesizing module 'fp4_to_fp8_converter' [/home/fftacc/FFT-Hardware/FFT-Processor-Design/verilog_sources/precision_converter.v:9]
INFO: [Synth 8-6155] done synthesizing module 'fp4_to_fp8_converter' (17#1) [/home/fftacc/FFT-Hardware/FFT-Processor-Design/verilog_sources/precision_converter.v:9]
INFO: [Synth 8-6155] done synthesizing module 'fft_8_sol3_gen2_core' (18#1) [/home/fftacc/FFT-Hardware/FFT-Processor-Design/generated_designs/fft_8_sol3_gen2.v:9]
INFO: [Synth 8-6155] done synthesizing module 'fft_8_sol3_gen2_top' (19#1) [/home/fftacc/FFT-Hardware/FFT-Processor-Design/generated_designs/fft_8_sol3_gen2_top.v:13]
---------------------------------------------------------------------------------
Finished Synthesize : Time (s): cpu = 00:00:10 ; elapsed = 00:00:10 . Memory (MB): peak = 2563.328 ; gain = 0.000 ; free physical = 20602 ; free virtual = 27296
---------------------------------------------------------------------------------
---------------------------------------------------------------------------------
Finished Constraint Validation : Time (s): cpu = 00:00:11 ; elapsed = 00:00:11 . Memory (MB): peak = 2563.328 ; gain = 0.000 ; free physical = 20846 ; free virtual = 27549
---------------------------------------------------------------------------------
---------------------------------------------------------------------------------
Start Loading Part and Timing Information
---------------------------------------------------------------------------------
Loading part: xc7a35tcpg236-1
INFO: [Device 21-403] Loading part xc7a35tcpg236-1
---------------------------------------------------------------------------------
Finished Loading Part and Timing Information : Time (s): cpu = 00:00:11 ; elapsed = 00:00:11 . Memory (MB): peak = 2571.184 ; gain = 7.855 ; free physical = 20840 ; free virtual = 27543
---------------------------------------------------------------------------------
INFO: [Synth 8-802] inferred FSM for state register 'state_reg' in module 'fft_8_sol3_gen2_core'
---------------------------------------------------------------------------------------------------
                   State |                     New Encoding |                Previous Encoding 
---------------------------------------------------------------------------------------------------
                    IDLE |                    0000000000001 |                             0000
               START_AGU |                    0000000000010 |                             0001
          WAIT_AGU_START |                    0000000000100 |                             0010
                  READ_A |                    0000000001000 |                             0011
                  READ_B |                    0000000010000 |                             0100
                  WAIT_A |                    0000000100000 |                             0101
                  WAIT_B |                    0000001000000 |                             0110
                 WRITE_X |                    0000010000000 |                             0111
                 WRITE_Y |                    0000100000000 |                             1000
                WAIT_AGU |                    0001000000000 |                             1001
                EVAL_AGU |                    0010000000000 |                             1010
              DONE_STATE |                    0100000000000 |                             1011
                  iSTATE |                    1000000000000 |                             1111
*
---------------------------------------------------------------------------------------------------
INFO: [Synth 8-3354] encoded FSM with state register 'state_reg' using encoding 'one-hot' in module 'fft_8_sol3_gen2_core'
---------------------------------------------------------------------------------
Finished RTL Optimization Phase 2 : Time (s): cpu = 00:00:27 ; elapsed = 00:00:31 . Memory (MB): peak = 2571.184 ; gain = 7.855 ; free physical = 19769 ; free virtual = 26418
---------------------------------------------------------------------------------
INFO: [Synth 8-223] decloning instance 'core/bf_st1' (butterfly_wrapper__parameterized0) to 'core/bf_st2'
No constraint files found.
---------------------------------------------------------------------------------
Start RTL Component Statistics 
---------------------------------------------------------------------------------
Detailed RTL Component Info : 
+---Adders : 
	   2 Input   32 Bit       Adders := 3     
	   2 Input   10 Bit       Adders := 6     
	   3 Input    7 Bit       Adders := 2     
	   2 Input    6 Bit       Adders := 4     
	   2 Input    5 Bit       Adders := 4     
	   2 Input    4 Bit       Adders := 20    
	   3 Input    4 Bit       Adders := 12    
	   2 Input    3 Bit       Adders := 4     
	   3 Input    2 Bit       Adders := 10    
	   2 Input    2 Bit       Adders := 36    
+---XORs : 
	   2 Input      1 Bit         XORs := 8     
+---Registers : 
	               24 Bit    Registers := 2051  
	               16 Bit    Registers := 3     
	               10 Bit    Registers := 4     
	                1 Bit    Registers := 10    
+---Muxes : 
	   2 Input   24 Bit        Muxes := 5     
	 513 Input   24 Bit        Muxes := 1     
	   3 Input   24 Bit        Muxes := 1     
	   2 Input   16 Bit        Muxes := 7     
	   3 Input   16 Bit        Muxes := 2     
	   4 Input   16 Bit        Muxes := 2     
	  13 Input   13 Bit        Muxes := 1     
	   2 Input   13 Bit        Muxes := 2     
	   2 Input   10 Bit        Muxes := 10    
	  10 Input   10 Bit        Muxes := 1     
	   3 Input   10 Bit        Muxes := 2     
	   2 Input    8 Bit        Muxes := 13    
	   2 Input    7 Bit        Muxes := 14    
	   2 Input    6 Bit        Muxes := 4     
	   2 Input    5 Bit        Muxes := 4     
	   3 Input    4 Bit        Muxes := 2     
	   2 Input    4 Bit        Muxes := 75    
	   5 Input    3 Bit        Muxes := 2     
	   2 Input    3 Bit        Muxes := 56    
	   4 Input    3 Bit        Muxes := 10    
	   3 Input    3 Bit        Muxes := 4     
	   2 Input    2 Bit        Muxes := 100   
	   4 Input    2 Bit        Muxes := 2     
	   2 Input    1 Bit        Muxes := 127   
	   7 Input    1 Bit        Muxes := 2     
	   4 Input    1 Bit        Muxes := 2     
	  13 Input    1 Bit        Muxes := 6     
	   5 Input    1 Bit        Muxes := 1     
---------------------------------------------------------------------------------
Finished RTL Component Statistics 
---------------------------------------------------------------------------------
---------------------------------------------------------------------------------
Start Part Resource Summary
---------------------------------------------------------------------------------
Part Resources:
DSPs: 90 (col length:60)
BRAMs: 100 (col length: RAMB18 60 RAMB36 30)
---------------------------------------------------------------------------------
Finished Part Resource Summary
---------------------------------------------------------------------------------
No constraint files found.
---------------------------------------------------------------------------------
Start Cross Boundary and Area Optimization
---------------------------------------------------------------------------------
DSP Report: Generating DSP idx_a, operation Mode is: C+A*B.
DSP Report: operator idx_a is absorbed into DSP idx_a.
DSP Report: operator group_offset is absorbed into DSP idx_a.
DSP Report: Generating DSP k_idx, operation Mode is: A*B.
DSP Report: operator k_idx is absorbed into DSP k_idx.
---------------------------------------------------------------------------------
Finished Cross Boundary and Area Optimization : Time (s): cpu = 00:01:45 ; elapsed = 00:01:57 . Memory (MB): peak = 2607.184 ; gain = 43.855 ; free physical = 15429 ; free virtual = 22324
---------------------------------------------------------------------------------
---------------------------------------------------------------------------------
Start ROM, RAM, DSP, Shift Register and Retiming Reporting
---------------------------------------------------------------------------------

DSP: Preliminary Mapping Report (see note below)
+---------------------+-------------+--------+--------+--------+--------+--------+------+------+------+------+-------+------+------+
|Module Name          | DSP Mapping | A Size | B Size | C Size | D Size | P Size | AREG | BREG | CREG | DREG | ADREG | MREG | PREG | 
+---------------------+-------------+--------+--------+--------+--------+--------+------+------+------+------+-------+------+------+
|dit_fft_agu_variable | C+A*B       | 10     | 10     | 10     | -      | 10     | 0    | 0    | 0    | -    | -     | 0    | 0    | 
|dit_fft_agu_variable | A*B         | 10     | 10     | -      | -      | 20     | 0    | 0    | -    | -    | -     | 0    | 0    | 
+---------------------+-------------+--------+--------+--------+--------+--------+------+------+------+------+-------+------+------+

Note: The table above is a preliminary report that shows the DSPs inferred at the current stage of the synthesis flow. Some DSP may be reimplemented as non DSP primitives later in the synthesis flow. Multiple instantiated DSPs are reported only once.
---------------------------------------------------------------------------------
Finished ROM, RAM, DSP, Shift Register and Retiming Reporting
---------------------------------------------------------------------------------
No constraint files found.
---------------------------------------------------------------------------------
Start Timing Optimization
---------------------------------------------------------------------------------
---------------------------------------------------------------------------------
Finished Timing Optimization : Time (s): cpu = 00:01:46 ; elapsed = 00:01:58 . Memory (MB): peak = 2607.184 ; gain = 43.855 ; free physical = 15458 ; free virtual = 22354
---------------------------------------------------------------------------------
---------------------------------------------------------------------------------
Start Technology Mapping
---------------------------------------------------------------------------------
---------------------------------------------------------------------------------
Finished Technology Mapping : Time (s): cpu = 00:01:57 ; elapsed = 00:02:09 . Memory (MB): peak = 2659.371 ; gain = 96.043 ; free physical = 19237 ; free virtual = 26147
---------------------------------------------------------------------------------
---------------------------------------------------------------------------------
Start IO Insertion
---------------------------------------------------------------------------------
---------------------------------------------------------------------------------
Start Flattening Before IO Insertion
---------------------------------------------------------------------------------
---------------------------------------------------------------------------------
Finished Flattening Before IO Insertion
---------------------------------------------------------------------------------
---------------------------------------------------------------------------------
Start Final Netlist Cleanup
---------------------------------------------------------------------------------
---------------------------------------------------------------------------------
Finished Final Netlist Cleanup
---------------------------------------------------------------------------------
---------------------------------------------------------------------------------
Finished IO Insertion : Time (s): cpu = 00:02:03 ; elapsed = 00:02:15 . Memory (MB): peak = 2659.371 ; gain = 96.043 ; free physical = 19144 ; free virtual = 26036
---------------------------------------------------------------------------------
---------------------------------------------------------------------------------
Start Renaming Generated Instances
---------------------------------------------------------------------------------
---------------------------------------------------------------------------------
Finished Renaming Generated Instances : Time (s): cpu = 00:02:03 ; elapsed = 00:02:15 . Memory (MB): peak = 2659.371 ; gain = 96.043 ; free physical = 19144 ; free virtual = 26036
---------------------------------------------------------------------------------
---------------------------------------------------------------------------------
Start Rebuilding User Hierarchy
---------------------------------------------------------------------------------
---------------------------------------------------------------------------------
Finished Rebuilding User Hierarchy : Time (s): cpu = 00:02:06 ; elapsed = 00:02:18 . Memory (MB): peak = 2659.371 ; gain = 96.043 ; free physical = 19341 ; free virtual = 26233
---------------------------------------------------------------------------------
---------------------------------------------------------------------------------
Start Renaming Generated Ports
---------------------------------------------------------------------------------
---------------------------------------------------------------------------------
Finished Renaming Generated Ports : Time (s): cpu = 00:02:06 ; elapsed = 00:02:18 . Memory (MB): peak = 2659.371 ; gain = 96.043 ; free physical = 19502 ; free virtual = 26394
---------------------------------------------------------------------------------
---------------------------------------------------------------------------------
Start Handling Custom Attributes
---------------------------------------------------------------------------------
---------------------------------------------------------------------------------
Finished Handling Custom Attributes : Time (s): cpu = 00:02:07 ; elapsed = 00:02:19 . Memory (MB): peak = 2659.371 ; gain = 96.043 ; free physical = 19560 ; free virtual = 26467
---------------------------------------------------------------------------------
---------------------------------------------------------------------------------
Start Renaming Generated Nets
---------------------------------------------------------------------------------
---------------------------------------------------------------------------------
Finished Renaming Generated Nets : Time (s): cpu = 00:02:07 ; elapsed = 00:02:19 . Memory (MB): peak = 2659.371 ; gain = 96.043 ; free physical = 19552 ; free virtual = 26458
---------------------------------------------------------------------------------
---------------------------------------------------------------------------------
Start Writing Synthesis Report
---------------------------------------------------------------------------------

Report BlackBoxes: 
+-+--------------+----------+
| |BlackBox name |Instances |
+-+--------------+----------+
+-+--------------+----------+

Report Cell Usage: 
+------+--------+------+
|      |Cell    |Count |
+------+--------+------+
|1     |CARRY4  |    44|
|2     |DSP48E1 |     2|
|3     |LUT1    |     3|
|4     |LUT2    |   812|
|5     |LUT3    |   333|
|6     |LUT4    |   156|
|7     |LUT5    |  1916|
|8     |LUT6    | 14476|
|9     |MUXF7   |  6528|
|10    |MUXF8   |  3264|
|11    |FDCE    | 49309|
|12    |FDPE    |     2|
+------+--------+------+

Report Instance Areas: 
+------+---------------------------------------------+------------------------------------+------+
|      |Instance                                     |Module                              |Cells |
+------+---------------------------------------------+------------------------------------+------+
|1     |top                                          |                                    | 76845|
|2     |  core                                       |fft_8_sol3_gen2_core                | 76844|
|3     |    agu                                      |dit_fft_agu_variable                |  3670|
|4     |    bf_st0                                   |butterfly_wrapper                   |    72|
|5     |      \USE_PURE_FP4.fp4_butterfly_inst       |fp4_butterfly_generation_unit       |    72|
|6     |    bf_st1                                   |butterfly_wrapper__parameterized0   |    93|
|7     |      \USE_FP8mul_FP4add.fp8mul_fp4add_inst  |butterfly_generation_unit_4add_8mul |    93|
|8     |        complex_mult_inst                    |fp8_cmul                            |    84|
|9     |    mem                                      |mixed_memory_unified                | 72924|
+------+---------------------------------------------+------------------------------------+------+
---------------------------------------------------------------------------------
Finished Writing Synthesis Report : Time (s): cpu = 00:02:07 ; elapsed = 00:02:19 . Memory (MB): peak = 2659.371 ; gain = 96.043 ; free physical = 19547 ; free virtual = 26453
---------------------------------------------------------------------------------
Synthesis finished with 0 errors, 0 critical warnings and 5 warnings.
Synthesis Optimization Runtime : Time (s): cpu = 00:02:07 ; elapsed = 00:02:19 . Memory (MB): peak = 2659.371 ; gain = 96.043 ; free physical = 19551 ; free virtual = 26457
Synthesis Optimization Complete : Time (s): cpu = 00:02:07 ; elapsed = 00:02:19 . Memory (MB): peak = 2659.379 ; gain = 96.043 ; free physical = 19551 ; free virtual = 26457
INFO: [Project 1-571] Translating synthesized netlist
Netlist sorting complete. Time (s): cpu = 00:00:00.54 ; elapsed = 00:00:00.54 . Memory (MB): peak = 2659.379 ; gain = 0.000 ; free physical = 19480 ; free virtual = 26386
INFO: [Netlist 29-17] Analyzing 9838 Unisim elements for replacement
INFO: [Netlist 29-28] Unisim Transformation completed in 0 CPU seconds
WARNING: [Netlist 29-101] Netlist 'fft_8_sol3_gen2_top' is not ideal for floorplanning, since the cellview 'mixed_memory_unified' contains a large number of primitives.  Please consider enabling hierarchy in synthesis if you want to do floorplanning.
INFO: [Project 1-570] Preparing netlist for logic optimization
INFO: [Opt 31-138] Pushed 0 inverter(s) to 0 load pin(s).
Netlist sorting complete. Time (s): cpu = 00:00:00.01 ; elapsed = 00:00:00 . Memory (MB): peak = 2715.398 ; gain = 0.000 ; free physical = 18619 ; free virtual = 25549
INFO: [Project 1-111] Unisim Transformation Summary:
No Unisim elements were transformed.

Synth Design complete, checksum: f35ac570
INFO: [Common 17-83] Releasing license: Synthesis
56 Infos, 6 Warnings, 0 Critical Warnings and 0 Errors encountered.
synth_design completed successfully
synth_design: Time (s): cpu = 00:02:20 ; elapsed = 00:02:28 . Memory (MB): peak = 2715.398 ; gain = 152.203 ; free physical = 18813 ; free virtual = 25742
# create_clock -period $clock_period -name clk [get_ports clk]
# opt_design
Command: opt_design
Attempting to get a license for feature 'Implementation' and/or device 'xc7a35t'
INFO: [Common 17-349] Got license for feature 'Implementation' and/or device 'xc7a35t'
Running DRC as a precondition to command opt_design

Starting DRC Task
INFO: [DRC 23-27] Running DRC with 8 threads
INFO: [Project 1-461] DRC finished with 0 Errors
INFO: [Project 1-462] Please refer to the DRC report (report_drc) for more information.

Time (s): cpu = 00:00:02 ; elapsed = 00:00:00.59 . Memory (MB): peak = 2779.430 ; gain = 64.031 ; free physical = 18794 ; free virtual = 25722

Starting Cache Timing Information Task
INFO: [Timing 38-35] Done setting XDC timing constraints.
Ending Cache Timing Information Task | Checksum: 19bde9709

Time (s): cpu = 00:00:08 ; elapsed = 00:00:06 . Memory (MB): peak = 2961.242 ; gain = 181.812 ; free physical = 17950 ; free virtual = 24857

Starting Logic Optimization Task

Phase 1 Retarget
INFO: [Opt 31-138] Pushed 0 inverter(s) to 0 load pin(s).
INFO: [Opt 31-49] Retargeted 0 cell(s).
Phase 1 Retarget | Checksum: 1728d1514

Time (s): cpu = 00:00:05 ; elapsed = 00:00:03 . Memory (MB): peak = 3110.117 ; gain = 0.000 ; free physical = 17803 ; free virtual = 24700
INFO: [Opt 31-389] Phase Retarget created 0 cells and removed 1 cells

Phase 2 Constant propagation
INFO: [Opt 31-138] Pushed 0 inverter(s) to 0 load pin(s).
Phase 2 Constant propagation | Checksum: 1728d1514

Time (s): cpu = 00:00:06 ; elapsed = 00:00:04 . Memory (MB): peak = 3110.117 ; gain = 0.000 ; free physical = 17762 ; free virtual = 24662
INFO: [Opt 31-389] Phase Constant propagation created 0 cells and removed 0 cells

Phase 3 Sweep
Phase 3 Sweep | Checksum: 15ea20775

Time (s): cpu = 00:00:07 ; elapsed = 00:00:04 . Memory (MB): peak = 3110.117 ; gain = 0.000 ; free physical = 17740 ; free virtual = 24631
INFO: [Opt 31-389] Phase Sweep created 0 cells and removed 0 cells

Phase 4 BUFG optimization
INFO: [Opt 31-129] Inserted BUFG to drive high-fanout reset|set|enable net. BUFG cell: core/mem/rst_0_BUFG_inst, Net: core/mem/rst_0
Phase 4 BUFG optimization | Checksum: 194293a6c

Time (s): cpu = 00:00:07 ; elapsed = 00:00:05 . Memory (MB): peak = 3110.117 ; gain = 0.000 ; free physical = 17729 ; free virtual = 24621
INFO: [Opt 31-662] Phase BUFG optimization created 1 cells of which 1 are BUFGs and removed 0 cells.

Phase 5 Shift Register Optimization
INFO: [Opt 31-1064] SRL Remap converted 0 SRLs to 0 registers and converted 0 registers of register chains to 0 SRLs
Phase 5 Shift Register Optimization | Checksum: 194293a6c

Time (s): cpu = 00:00:07 ; elapsed = 00:00:05 . Memory (MB): peak = 3110.117 ; gain = 0.000 ; free physical = 17731 ; free virtual = 24621
INFO: [Opt 31-389] Phase Shift Register Optimization created 0 cells and removed 0 cells

Phase 6 Post Processing Netlist
Phase 6 Post Processing Netlist | Checksum: 194293a6c

Time (s): cpu = 00:00:08 ; elapsed = 00:00:05 . Memory (MB): peak = 3110.117 ; gain = 0.000 ; free physical = 17732 ; free virtual = 24622
INFO: [Opt 31-389] Phase Post Processing Netlist created 0 cells and removed 0 cells
Opt_design Change Summary
=========================


-------------------------------------------------------------------------------------------------------------------------
|  Phase                        |  #Cells created  |  #Cells Removed  |  #Constrained objects preventing optimizations  |
-------------------------------------------------------------------------------------------------------------------------
|  Retarget                     |               0  |               1  |                                              0  |
|  Constant propagation         |               0  |               0  |                                              0  |
|  Sweep                        |               0  |               0  |                                              0  |
|  BUFG optimization            |               1  |               0  |                                              0  |
|  Shift Register Optimization  |               0  |               0  |                                              0  |
|  Post Processing Netlist      |               0  |               0  |                                              0  |
-------------------------------------------------------------------------------------------------------------------------



Starting Connectivity Check Task

Time (s): cpu = 00:00:00.11 ; elapsed = 00:00:00.12 . Memory (MB): peak = 3110.117 ; gain = 0.000 ; free physical = 17858 ; free virtual = 24746
Ending Logic Optimization Task | Checksum: 889745eb

Time (s): cpu = 00:00:09 ; elapsed = 00:00:07 . Memory (MB): peak = 3110.117 ; gain = 0.000 ; free physical = 17858 ; free virtual = 24746

Starting Power Optimization Task
INFO: [Pwropt 34-132] Skipping clock gating for clocks with a period < 2.00 ns.
Ending Power Optimization Task | Checksum: 889745eb

Time (s): cpu = 00:00:00.04 ; elapsed = 00:00:00.04 . Memory (MB): peak = 3110.117 ; gain = 0.000 ; free physical = 17994 ; free virtual = 24882

Starting Final Cleanup Task
Ending Final Cleanup Task | Checksum: 889745eb

Time (s): cpu = 00:00:00 ; elapsed = 00:00:00 . Memory (MB): peak = 3110.117 ; gain = 0.000 ; free physical = 17993 ; free virtual = 24881

Starting Netlist Obfuscation Task
Netlist sorting complete. Time (s): cpu = 00:00:00.01 ; elapsed = 00:00:00.01 . Memory (MB): peak = 3110.117 ; gain = 0.000 ; free physical = 17993 ; free virtual = 24881
Ending Netlist Obfuscation Task | Checksum: 889745eb

Time (s): cpu = 00:00:00.01 ; elapsed = 00:00:00.01 . Memory (MB): peak = 3110.117 ; gain = 0.000 ; free physical = 17993 ; free virtual = 24881
INFO: [Common 17-83] Releasing license: Implementation
18 Infos, 0 Warnings, 0 Critical Warnings and 0 Errors encountered.
opt_design completed successfully
opt_design: Time (s): cpu = 00:00:21 ; elapsed = 00:00:16 . Memory (MB): peak = 3110.117 ; gain = 394.719 ; free physical = 17993 ; free virtual = 24881
# set util_rpt_file "/tmp/${design_name}_util.rpt"
# report_utilization -file $util_rpt_file
# set lut_count 0
# if {[file exists $util_rpt_file]} {
#     set fp [open $util_rpt_file r]
#     set content [read $fp]
#     close $fp
# 
#     # Try CLB LUTs or Slice LUTs first (total line)
#     foreach line [split $content "\n"] {
#         if {[regexp {^\|\s*(CLB LUTs|Slice LUTs)\s*\|\s*(\d+)\s*\|} $line -> _lbl val]} {
#             set lut_count [string trim $val]
#             break
#         }
#     }
#     # Fallback: sum LUT-as-Logic + LUT-as-Memory
#     if {$lut_count == 0} {
#         set lut_logic 0
#         set lut_mem 0
#         foreach line [split $content "\n"] {
#             if {[regexp {^\|\s*LUT as Logic\s*\|\s*(\d+)\s*\|} $line -> val]} {
#                 set lut_logic [string trim $val]
#             }
#             if {[regexp {^\|\s*LUT as Memory\s*\|\s*(\d+)\s*\|} $line -> val]} {
#                 set lut_mem [string trim $val]
#             }
#         }
#         set lut_count [expr {$lut_logic + $lut_mem}]
#     }
# }
# set power_rpt_file "/tmp/${design_name}_power.rpt"
# report_power -file $power_rpt_file
Command: report_power -file /tmp/fft_8_sol3_gen2_power.rpt
INFO: [Timing 38-35] Done setting XDC timing constraints.
Running Vector-less Activity Propagation...
WARNING: [Timing 38-242] The property HD.CLK_SRC of clock port "clk" is not set. In out-of-context mode, this prevents timing estimation for clock delay/skew
Resolution: Set the HD.CLK_SRC property of the out-of-context port to the location of the clock buffer instance in the top-level design

Finished Running Vector-less Activity Propagation
1 Infos, 1 Warnings, 0 Critical Warnings and 0 Errors encountered.
report_power completed successfully
report_power: Time (s): cpu = 00:00:39 ; elapsed = 00:00:12 . Memory (MB): peak = 3218.695 ; gain = 108.578 ; free physical = 20830 ; free virtual = 27580
# set total_power 0.0
# if {[file exists $power_rpt_file]} {
#     set fp [open $power_rpt_file r]
#     set content [read $fp]
#     close $fp
# 
#     foreach line [split $content "\n"] {
#         if {[regexp {Total On-Chip Power \(W\)\s*\|\s*([0-9.]+)} $line -> val]} {
#             set total_power [string trim $val]
#             break
#         }
#         if {[regexp {^\|\s*Total\s*\|\s*([0-9.]+)\s*\|} $line -> val]} {
#             set total_power [string trim $val]
#             break
#         }
#     }
# }
# set wns_rpt_file "/tmp/${design_name}_timing.rpt"
# report_timing_summary -file $wns_rpt_file
INFO: [Timing 38-91] UpdateTimingParams: Speed grade: -1, Delay Type: min_max.
INFO: [Timing 38-191] Multithreading enabled for timing update using a maximum of 8 CPUs
# set wns "N/A"
# if {[file exists $wns_rpt_file]} {
#     set fp [open $wns_rpt_file r]
#     set content [read $fp]
#     close $fp
#     if {[regexp {WNS\(ns\)[^\n]*\n[^\n]*\n\s*([-0-9.]+)} $content -> val]} {
#         set wns [string trim $val]
#     }
# }
# set csv_dir [file dirname $csv_output]
# file mkdir $csv_dir
# set fp [open $csv_output w]
# puts $fp "Metric,Value"
# puts $fp "design_name,$design_name"
# puts $fp "top_module,$top_module"
# puts $fp "lut_count,$lut_count"
# puts $fp "total_power_w,$total_power"
# puts $fp "wns_ns,$wns"
# puts $fp "clock_period_ns,$clock_period"
# close $fp
# puts stdout "INFO: Synthesis complete  : $design_name"
INFO: Synthesis complete  : fft_8_sol3_gen2
# puts stdout "INFO:   LUTs  = $lut_count"
INFO:   LUTs  = 17169
# puts stdout "INFO:   Power = $total_power W"
INFO:   Power = 0.246 W
# puts stdout "INFO:   WNS   = $wns ns"
INFO:   WNS   = -30.665 ns
# puts stdout "INFO:   CSV   = $csv_output"
INFO:   CSV   = ./reports/fft_8_sol3_gen2_metrics.csv
INFO: [Common 17-206] Exiting Vivado at Thu Mar 12 17:42:03 2026...
