#-----------------------------------------------------------
# Vivado v2021.1 (64-bit)
# SW Build 3247384 on Thu Jun 10 19:36:07 MDT 2021
# IP Build 3246043 on Fri Jun 11 00:30:35 MDT 2021
# Start of session at: Wed Mar 11 19:20:16 2026
# Process ID: 11318
# Current directory: /home/fftacc/FFT-Hardware/FFT-Processor-Design
# Command line: vivado -mode batch -source ./vivado_synthesis.tcl -tclargs fft_8_sol2_gen2 ./reports/fft_8_sol2_gen2_metrics.csv 10.0 /home/fftacc/FFT-Hardware/FFT-Processor-Design/generated_designs/fft_8_sol2_gen2.v /home/fftacc/FFT-Hardware/FFT-Processor-Design/generated_designs/fft_8_sol2_gen2_top.v /home/fftacc/FFT-Hardware/FFT-Processor-Design/verilog_sources
# Log file: /home/fftacc/FFT-Hardware/FFT-Processor-Design/vivado.log
# Journal file: /home/fftacc/FFT-Hardware/FFT-Processor-Design/vivado.jou
#-----------------------------------------------------------
source ./vivado_synthesis.tcl
# set design_name  [lindex $argv 0]
# set csv_output   [lindex $argv 1]
# set clock_period [lindex $argv 2]
# set core_file    [lindex $argv 3]
# set top_file     [lindex $argv 4]
# set verilog_dir  [lindex $argv 5]
# set top_module "${design_name}_top"
# puts "INFO: design_name  = $design_name"
INFO: design_name  = fft_8_sol2_gen2
# puts "INFO: top_module   = $top_module"
INFO: top_module   = fft_8_sol2_gen2_top
# puts "INFO: core_file    = $core_file"
INFO: core_file    = /home/fftacc/FFT-Hardware/FFT-Processor-Design/generated_designs/fft_8_sol2_gen2.v
# puts "INFO: top_file     = $top_file"
INFO: top_file     = /home/fftacc/FFT-Hardware/FFT-Processor-Design/generated_designs/fft_8_sol2_gen2_top.v
# puts "INFO: verilog_dir  = $verilog_dir"
INFO: verilog_dir  = /home/fftacc/FFT-Hardware/FFT-Processor-Design/verilog_sources
# puts "INFO: csv_output   = $csv_output"
INFO: csv_output   = ./reports/fft_8_sol2_gen2_metrics.csv
# puts "INFO: clock_period = $clock_period ns"
INFO: clock_period = 10.0 ns
# create_project -in_memory -part xc7a35tcpg236-1
# foreach f [glob ${verilog_dir}/*.v] {
#     add_files -norecurse $f
# }
# add_files -norecurse $core_file
# add_files -norecurse $top_file
# set_property include_dirs $verilog_dir [current_fileset]
# set_property top $top_module [current_fileset]
# update_compile_order -fileset sources_1
# synth_design \
#     -top  $top_module \
#     -part xc7a35tcpg236-1 \
#     -mode out_of_context
Command: synth_design -top fft_8_sol2_gen2_top -part xc7a35tcpg236-1 -mode out_of_context
Starting synth_design
Attempting to get a license for feature 'Synthesis' and/or device 'xc7a35t'
INFO: [Common 17-349] Got license for feature 'Synthesis' and/or device 'xc7a35t'
INFO: [Synth 8-7079] Multithreading enabled for synth_design using a maximum of 4 processes.
INFO: [Synth 8-7078] Launching helper process for spawning children vivado processes
INFO: [Synth 8-7075] Helper process launched with PID 11445
---------------------------------------------------------------------------------
Starting Synthesize : Time (s): cpu = 00:00:02 ; elapsed = 00:00:03 . Memory (MB): peak = 2556.332 ; gain = 0.000 ; free physical = 22454 ; free virtual = 28556
---------------------------------------------------------------------------------
INFO: [Synth 8-6157] synthesizing module 'fft_8_sol2_gen2_top' [/home/fftacc/FFT-Hardware/FFT-Processor-Design/generated_designs/fft_8_sol2_gen2_top.v:7]
INFO: [Synth 8-6157] synthesizing module 'bit_reverse' [/home/fftacc/FFT-Hardware/FFT-Processor-Design/verilog_sources/bit_reversal.v:1]
	Parameter MAX_N bound to: 8 - type: integer 
	Parameter WIDTH bound to: 10 - type: integer 
INFO: [Synth 8-6155] done synthesizing module 'bit_reverse' (1#1) [/home/fftacc/FFT-Hardware/FFT-Processor-Design/verilog_sources/bit_reversal.v:1]
INFO: [Synth 8-6157] synthesizing module 'fft_8_sol2_gen2_core' [/home/fftacc/FFT-Hardware/FFT-Processor-Design/generated_designs/fft_8_sol2_gen2.v:7]
	Parameter MAX_N bound to: 8 - type: integer 
	Parameter ADDR_WIDTH bound to: 10 - type: integer 
INFO: [Synth 8-6157] synthesizing module 'dit_fft_agu_variable' [/home/fftacc/FFT-Hardware/FFT-Processor-Design/verilog_sources/agu.v:1]
	Parameter MAX_N bound to: 8 - type: integer 
	Parameter ADDR_WIDTH bound to: 10 - type: integer 
INFO: [Synth 8-6157] synthesizing module 'twiddle_factor_unified' [/home/fftacc/FFT-Hardware/FFT-Processor-Design/verilog_sources/twiddle_rom.v:3]
	Parameter MAX_N bound to: 8 - type: integer 
	Parameter ADDR_WIDTH bound to: 10 - type: integer 
INFO: [Synth 8-3876] $readmem data file 'twiddles_1024.txt' is read successfully [/home/fftacc/FFT-Hardware/FFT-Processor-Design/verilog_sources/twiddle_rom.v:21]
WARNING: [Synth 8-151] case item 32'b00000000000000000000010000000000 is unreachable [/home/fftacc/FFT-Hardware/FFT-Processor-Design/verilog_sources/twiddle_rom.v:31]
INFO: [Synth 8-6155] done synthesizing module 'twiddle_factor_unified' (2#1) [/home/fftacc/FFT-Hardware/FFT-Processor-Design/verilog_sources/twiddle_rom.v:3]
WARNING: [Synth 8-7071] port 'PRECISION' of module 'twiddle_factor_unified' is unconnected for instance 'tw_rom' [/home/fftacc/FFT-Hardware/FFT-Processor-Design/verilog_sources/agu.v:60]
WARNING: [Synth 8-7023] instance 'tw_rom' of module 'twiddle_factor_unified' has 4 connections declared, but only 3 given [/home/fftacc/FFT-Hardware/FFT-Processor-Design/verilog_sources/agu.v:60]
INFO: [Synth 8-6155] done synthesizing module 'dit_fft_agu_variable' (3#1) [/home/fftacc/FFT-Hardware/FFT-Processor-Design/verilog_sources/agu.v:1]
INFO: [Synth 8-6157] synthesizing module 'mixed_memory_unified' [/home/fftacc/FFT-Hardware/FFT-Processor-Design/verilog_sources/memory.v:8]
	Parameter n bound to: 8 - type: integer 
	Parameter ADDR_WIDTH bound to: 10 - type: integer 
INFO: [Synth 8-6155] done synthesizing module 'mixed_memory_unified' (4#1) [/home/fftacc/FFT-Hardware/FFT-Processor-Design/verilog_sources/memory.v:8]
INFO: [Synth 8-6157] synthesizing module 'butterfly_wrapper' [/home/fftacc/FFT-Hardware/FFT-Processor-Design/verilog_sources/mixed_precision_wrappers.v:3]
	Parameter MULT_PRECISION bound to: 1 - type: integer 
	Parameter ADD_PRECISION bound to: 0 - type: integer 
INFO: [Synth 8-6157] synthesizing module 'butterfly_generation_unit_4add_8mul' [/home/fftacc/FFT-Hardware/FFT-Processor-Design/verilog_sources/butterfly.v:79]
INFO: [Synth 8-6157] synthesizing module 'fp8_cmul' [/home/fftacc/FFT-Hardware/FFT-Processor-Design/verilog_sources/multiplier.v:144]
INFO: [Synth 8-6157] synthesizing module 'fp8_mul' [/home/fftacc/FFT-Hardware/FFT-Processor-Design/verilog_sources/multiplier.v:90]
INFO: [Synth 8-6155] done synthesizing module 'fp8_mul' (5#1) [/home/fftacc/FFT-Hardware/FFT-Processor-Design/verilog_sources/multiplier.v:90]
INFO: [Synth 8-6157] synthesizing module 'fp8_add_sub' [/home/fftacc/FFT-Hardware/FFT-Processor-Design/verilog_sources/adder.v:191]
INFO: [Synth 8-6155] done synthesizing module 'fp8_add_sub' (6#1) [/home/fftacc/FFT-Hardware/FFT-Processor-Design/verilog_sources/adder.v:191]
INFO: [Synth 8-6155] done synthesizing module 'fp8_cmul' (7#1) [/home/fftacc/FFT-Hardware/FFT-Processor-Design/verilog_sources/multiplier.v:144]
INFO: [Synth 8-6157] synthesizing module 'complex_fp8_to_fp4' [/home/fftacc/FFT-Hardware/FFT-Processor-Design/verilog_sources/precision_converter.v:108]
INFO: [Synth 8-6157] synthesizing module 'fp8_to_fp4_converter' [/home/fftacc/FFT-Hardware/FFT-Processor-Design/verilog_sources/precision_converter.v:52]
INFO: [Synth 8-6155] done synthesizing module 'fp8_to_fp4_converter' (8#1) [/home/fftacc/FFT-Hardware/FFT-Processor-Design/verilog_sources/precision_converter.v:52]
INFO: [Synth 8-6155] done synthesizing module 'complex_fp8_to_fp4' (9#1) [/home/fftacc/FFT-Hardware/FFT-Processor-Design/verilog_sources/precision_converter.v:108]
INFO: [Synth 8-6157] synthesizing module 'fp4_complex_add_sub' [/home/fftacc/FFT-Hardware/FFT-Processor-Design/verilog_sources/adder.v:156]
INFO: [Synth 8-6157] synthesizing module 'fp4_add_sub' [/home/fftacc/FFT-Hardware/FFT-Processor-Design/verilog_sources/adder.v:1]
INFO: [Synth 8-6155] done synthesizing module 'fp4_add_sub' (10#1) [/home/fftacc/FFT-Hardware/FFT-Processor-Design/verilog_sources/adder.v:1]
INFO: [Synth 8-6155] done synthesizing module 'fp4_complex_add_sub' (11#1) [/home/fftacc/FFT-Hardware/FFT-Processor-Design/verilog_sources/adder.v:156]
INFO: [Synth 8-6155] done synthesizing module 'butterfly_generation_unit_4add_8mul' (12#1) [/home/fftacc/FFT-Hardware/FFT-Processor-Design/verilog_sources/butterfly.v:79]
INFO: [Synth 8-6155] done synthesizing module 'butterfly_wrapper' (13#1) [/home/fftacc/FFT-Hardware/FFT-Processor-Design/verilog_sources/mixed_precision_wrappers.v:3]
INFO: [Synth 8-6157] synthesizing module 'butterfly_wrapper__parameterized0' [/home/fftacc/FFT-Hardware/FFT-Processor-Design/verilog_sources/mixed_precision_wrappers.v:3]
	Parameter MULT_PRECISION bound to: 1 - type: integer 
	Parameter ADD_PRECISION bound to: 1 - type: integer 
INFO: [Synth 8-6157] synthesizing module 'fp8_butterfly_generation_unit' [/home/fftacc/FFT-Hardware/FFT-Processor-Design/verilog_sources/butterfly.v:4]
INFO: [Synth 8-6157] synthesizing module 'fp8_complex_add_sub' [/home/fftacc/FFT-Hardware/FFT-Processor-Design/verilog_sources/adder.v:372]
INFO: [Synth 8-6155] done synthesizing module 'fp8_complex_add_sub' (14#1) [/home/fftacc/FFT-Hardware/FFT-Processor-Design/verilog_sources/adder.v:372]
INFO: [Synth 8-6155] done synthesizing module 'fp8_butterfly_generation_unit' (15#1) [/home/fftacc/FFT-Hardware/FFT-Processor-Design/verilog_sources/butterfly.v:4]
INFO: [Synth 8-6155] done synthesizing module 'butterfly_wrapper__parameterized0' (15#1) [/home/fftacc/FFT-Hardware/FFT-Processor-Design/verilog_sources/mixed_precision_wrappers.v:3]
INFO: [Synth 8-6157] synthesizing module 'fp4_to_fp8_converter' [/home/fftacc/FFT-Hardware/FFT-Processor-Design/verilog_sources/precision_converter.v:9]
INFO: [Synth 8-6155] done synthesizing module 'fp4_to_fp8_converter' (16#1) [/home/fftacc/FFT-Hardware/FFT-Processor-Design/verilog_sources/precision_converter.v:9]
INFO: [Synth 8-155] case statement is not full and has no default [/home/fftacc/FFT-Hardware/FFT-Processor-Design/generated_designs/fft_8_sol2_gen2.v:333]
INFO: [Synth 8-6155] done synthesizing module 'fft_8_sol2_gen2_core' (17#1) [/home/fftacc/FFT-Hardware/FFT-Processor-Design/generated_designs/fft_8_sol2_gen2.v:7]
INFO: [Synth 8-6155] done synthesizing module 'fft_8_sol2_gen2_top' (18#1) [/home/fftacc/FFT-Hardware/FFT-Processor-Design/generated_designs/fft_8_sol2_gen2_top.v:7]
---------------------------------------------------------------------------------
Finished Synthesize : Time (s): cpu = 00:00:03 ; elapsed = 00:00:04 . Memory (MB): peak = 2556.332 ; gain = 0.000 ; free physical = 19382 ; free virtual = 25488
---------------------------------------------------------------------------------
---------------------------------------------------------------------------------
Finished Constraint Validation : Time (s): cpu = 00:00:04 ; elapsed = 00:00:04 . Memory (MB): peak = 2556.332 ; gain = 0.000 ; free physical = 19166 ; free virtual = 25271
---------------------------------------------------------------------------------
---------------------------------------------------------------------------------
Start Loading Part and Timing Information
---------------------------------------------------------------------------------
Loading part: xc7a35tcpg236-1
---------------------------------------------------------------------------------
INFO: [Device 21-403] Loading part xc7a35tcpg236-1
Finished Loading Part and Timing Information : Time (s): cpu = 00:00:04 ; elapsed = 00:00:04 . Memory (MB): peak = 2564.188 ; gain = 7.855 ; free physical = 19173 ; free virtual = 25276
---------------------------------------------------------------------------------
INFO: [Synth 8-802] inferred FSM for state register 'state_reg' in module 'fft_8_sol2_gen2_core'
INFO: [Synth 8-802] inferred FSM for state register 'mem_state_reg' in module 'fft_8_sol2_gen2_top'
---------------------------------------------------------------------------------------------------
                   State |                     New Encoding |                Previous Encoding 
---------------------------------------------------------------------------------------------------
                    IDLE |                     000000000001 |                             0000
                    INIT |                     000000000010 |                             0001
                  READ_A |                     000000000100 |                             0010
                  WAIT_1 |                     000000001000 |                             0011
                  WAIT_A |                     000000010000 |                             0100
                  READ_B |                     000000100000 |                             0101
                  WAIT_2 |                     000001000000 |                             0110
                  WAIT_B |                     000010000000 |                             0111
                 COMPUTE |                     000100000000 |                             1000
                 WRITE_X |                     001000000000 |                             1001
                 WRITE_Y |                     010000000000 |                             1010
                    DONE |                     100000000000 |                             1011
---------------------------------------------------------------------------------------------------
INFO: [Synth 8-3354] encoded FSM with state register 'state_reg' using encoding 'one-hot' in module 'fft_8_sol2_gen2_core'
---------------------------------------------------------------------------------------------------
                   State |                     New Encoding |                Previous Encoding 
---------------------------------------------------------------------------------------------------
                MEM_IDLE |                               00 |                               00
               MEM_WRITE |                               01 |                               01
             MEM_PROCESS |                               10 |                               10
                MEM_READ |                               11 |                               11
---------------------------------------------------------------------------------------------------
INFO: [Synth 8-3354] encoded FSM with state register 'mem_state_reg' using encoding 'sequential' in module 'fft_8_sol2_gen2_top'
---------------------------------------------------------------------------------
Finished RTL Optimization Phase 2 : Time (s): cpu = 00:00:06 ; elapsed = 00:00:05 . Memory (MB): peak = 2564.188 ; gain = 7.855 ; free physical = 22263 ; free virtual = 28366
---------------------------------------------------------------------------------
INFO: [Synth 8-223] decloning instance 'fft_core/bf_stage1_inst' (butterfly_wrapper__parameterized0) to 'fft_core/bf_stage2_inst'
No constraint files found.
---------------------------------------------------------------------------------
Start RTL Component Statistics 
---------------------------------------------------------------------------------
Detailed RTL Component Info : 
+---Adders : 
	   2 Input   32 Bit       Adders := 4     
	   2 Input   11 Bit       Adders := 1     
	   2 Input   10 Bit       Adders := 8     
	   2 Input    6 Bit       Adders := 8     
	   3 Input    6 Bit       Adders := 8     
	   2 Input    5 Bit       Adders := 48    
	   3 Input    5 Bit       Adders := 8     
	   3 Input    4 Bit       Adders := 4     
	   2 Input    4 Bit       Adders := 5     
	   2 Input    2 Bit       Adders := 18    
	   3 Input    2 Bit       Adders := 4     
+---XORs : 
	   2 Input      1 Bit         XORs := 8     
+---Registers : 
	               24 Bit    Registers := 21    
	               16 Bit    Registers := 3     
	               10 Bit    Registers := 10    
	                1 Bit    Registers := 17    
+---Muxes : 
	   2 Input   24 Bit        Muxes := 6     
	  12 Input   24 Bit        Muxes := 1     
	   3 Input   16 Bit        Muxes := 4     
	   2 Input   16 Bit        Muxes := 11    
	   4 Input   16 Bit        Muxes := 2     
	  12 Input   12 Bit        Muxes := 1     
	   2 Input   12 Bit        Muxes := 1     
	  10 Input   10 Bit        Muxes := 2     
	   2 Input   10 Bit        Muxes := 8     
	  12 Input   10 Bit        Muxes := 2     
	   4 Input   10 Bit        Muxes := 3     
	   2 Input    8 Bit        Muxes := 34    
	   2 Input    6 Bit        Muxes := 16    
	   2 Input    5 Bit        Muxes := 96    
	   2 Input    4 Bit        Muxes := 31    
	   3 Input    4 Bit        Muxes := 1     
	   5 Input    3 Bit        Muxes := 1     
	   2 Input    3 Bit        Muxes := 21    
	   4 Input    3 Bit        Muxes := 4     
	   3 Input    3 Bit        Muxes := 4     
	   2 Input    2 Bit        Muxes := 68    
	   3 Input    2 Bit        Muxes := 1     
	   4 Input    2 Bit        Muxes := 1     
	   2 Input    1 Bit        Muxes := 90    
	   6 Input    1 Bit        Muxes := 8     
	   4 Input    1 Bit        Muxes := 20    
	  12 Input    1 Bit        Muxes := 6     
---------------------------------------------------------------------------------
Finished RTL Component Statistics 
---------------------------------------------------------------------------------
---------------------------------------------------------------------------------
Start Part Resource Summary
---------------------------------------------------------------------------------
Part Resources:
DSPs: 90 (col length:60)
BRAMs: 100 (col length: RAMB18 60 RAMB36 30)
---------------------------------------------------------------------------------
Finished Part Resource Summary
---------------------------------------------------------------------------------
No constraint files found.
---------------------------------------------------------------------------------
Start Cross Boundary and Area Optimization
---------------------------------------------------------------------------------
DSP Report: Generating DSP idx_a, operation Mode is: C+A*B.
DSP Report: operator idx_a is absorbed into DSP idx_a.
DSP Report: operator group_offset is absorbed into DSP idx_a.
DSP Report: Generating DSP k_idx, operation Mode is: A*B.
DSP Report: operator k_idx is absorbed into DSP k_idx.
INFO: [Common 17-41] Interrupt caught. Command should exit soon.
INFO: [Common 17-41] Interrupt caught. Command should exit soon.
INFO: [Common 17-41] Interrupt caught. Command should exit soon.
INFO: [Common 17-41] Interrupt caught. Command should exit soon.
INFO: [Common 17-41] Interrupt caught. Command should exit soon.
INFO: [Common 17-41] Interrupt caught. Command should exit soon.
1
1
INFO: [Common 17-83] Releasing license: Synthesis
57 Infos, 3 Warnings, 0 Critical Warnings and 1 Errors encountered.
synth_design failed
INFO: [Common 17-344] 'source' was cancelled
INFO: [Common 17-206] Exiting Vivado at Wed Mar 11 19:21:14 2026...
