#-----------------------------------------------------------
# Vivado v2021.1 (64-bit)
# SW Build 3247384 on Thu Jun 10 19:36:07 MDT 2021
# IP Build 3246043 on Fri Jun 11 00:30:35 MDT 2021
# Start of session at: Wed Mar 25 18:03:34 2026
# Process ID: 45383
# Current directory: /home/fftacc/FFT-Hardware/FFT-Processor-Design
# Command line: vivado -mode batch -source ./vivado_synthesis.tcl -tclargs fft_16_sol3_gen1 ./reports/fft_16_sol3_gen1_metrics.csv 10.0 /home/fftacc/FFT-Hardware/FFT-Processor-Design/generated_designs/fft_16_sol3_gen1.v /home/fftacc/FFT-Hardware/FFT-Processor-Design/generated_designs/fft_16_sol3_gen1_top.v /home/fftacc/FFT-Hardware/FFT-Processor-Design/verilog_sources
# Log file: /home/fftacc/FFT-Hardware/FFT-Processor-Design/vivado.log
# Journal file: /home/fftacc/FFT-Hardware/FFT-Processor-Design/vivado.jou
#-----------------------------------------------------------
source ./vivado_synthesis.tcl
# set design_name  [lindex $argv 0]
# set csv_output   [lindex $argv 1]
# set clock_period [lindex $argv 2]
# set core_file    [lindex $argv 3]
# set top_file     [lindex $argv 4]
# set verilog_dir  [lindex $argv 5]
# set top_module "${design_name}_top"
# puts "INFO: design_name  = $design_name"
INFO: design_name  = fft_16_sol3_gen1
# puts "INFO: top_module   = $top_module"
INFO: top_module   = fft_16_sol3_gen1_top
# puts "INFO: core_file    = $core_file"
INFO: core_file    = /home/fftacc/FFT-Hardware/FFT-Processor-Design/generated_designs/fft_16_sol3_gen1.v
# puts "INFO: top_file     = $top_file"
INFO: top_file     = /home/fftacc/FFT-Hardware/FFT-Processor-Design/generated_designs/fft_16_sol3_gen1_top.v
# puts "INFO: verilog_dir  = $verilog_dir"
INFO: verilog_dir  = /home/fftacc/FFT-Hardware/FFT-Processor-Design/verilog_sources
# puts "INFO: csv_output   = $csv_output"
INFO: csv_output   = ./reports/fft_16_sol3_gen1_metrics.csv
# puts "INFO: clock_period = $clock_period ns"
INFO: clock_period = 10.0 ns
# create_project -in_memory -part xc7z020clg484-1
# foreach f [glob ${verilog_dir}/*.v] {
#     add_files -norecurse $f
# }
# add_files -norecurse $core_file
# add_files -norecurse $top_file
# set_property include_dirs $verilog_dir [current_fileset]
# set_property top $top_module [current_fileset]
# update_compile_order -fileset sources_1
# synth_design \
#     -top  $top_module \
#     -part xc7z020clg484-1 \
#     -mode out_of_context
Command: synth_design -top fft_16_sol3_gen1_top -part xc7z020clg484-1 -mode out_of_context
Starting synth_design
Attempting to get a license for feature 'Synthesis' and/or device 'xc7z020'
INFO: [Common 17-349] Got license for feature 'Synthesis' and/or device 'xc7z020'
INFO: [Synth 8-7079] Multithreading enabled for synth_design using a maximum of 4 processes.
INFO: [Synth 8-7078] Launching helper process for spawning children vivado processes
INFO: [Synth 8-7075] Helper process launched with PID 45676
WARNING: [Synth 8-2292] literal value truncated to fit in 10 bits [/home/fftacc/FFT-Hardware/FFT-Processor-Design/verilog_sources/agu.v:28]
WARNING: [Synth 8-2292] literal value truncated to fit in 10 bits [/home/fftacc/FFT-Hardware/FFT-Processor-Design/verilog_sources/bit_reversal.v:15]
WARNING: [Synth 8-6901] identifier 'X_wr_24' is used before its declaration [/home/fftacc/FFT-Hardware/FFT-Processor-Design/generated_designs/fft_16_sol3_gen1.v:184]
WARNING: [Synth 8-6901] identifier 'Y_wr_24' is used before its declaration [/home/fftacc/FFT-Hardware/FFT-Processor-Design/generated_designs/fft_16_sol3_gen1.v:185]
---------------------------------------------------------------------------------
Starting Synthesize : Time (s): cpu = 00:00:03 ; elapsed = 00:00:03 . Memory (MB): peak = 2547.359 ; gain = 0.000 ; free physical = 17778 ; free virtual = 24267
---------------------------------------------------------------------------------
INFO: [Synth 8-6157] synthesizing module 'fft_16_sol3_gen1_top' [/home/fftacc/FFT-Hardware/FFT-Processor-Design/generated_designs/fft_16_sol3_gen1_top.v:13]
INFO: [Synth 8-6157] synthesizing module 'bit_reverse' [/home/fftacc/FFT-Hardware/FFT-Processor-Design/verilog_sources/bit_reversal.v:1]
	Parameter MAX_N bound to: 1024 - type: integer 
	Parameter WIDTH bound to: 11 - type: integer 
INFO: [Synth 8-6155] done synthesizing module 'bit_reverse' (1#1) [/home/fftacc/FFT-Hardware/FFT-Processor-Design/verilog_sources/bit_reversal.v:1]
INFO: [Synth 8-6157] synthesizing module 'fft_16_sol3_gen1_core' [/home/fftacc/FFT-Hardware/FFT-Processor-Design/generated_designs/fft_16_sol3_gen1.v:9]
	Parameter MAX_N bound to: 1024 - type: integer 
	Parameter ADDR_WIDTH bound to: 11 - type: integer 
INFO: [Synth 8-6157] synthesizing module 'dit_fft_agu_variable' [/home/fftacc/FFT-Hardware/FFT-Processor-Design/verilog_sources/agu.v:1]
	Parameter MAX_N bound to: 1024 - type: integer 
	Parameter ADDR_WIDTH bound to: 11 - type: integer 
INFO: [Synth 8-6155] done synthesizing module 'dit_fft_agu_variable' (2#1) [/home/fftacc/FFT-Hardware/FFT-Processor-Design/verilog_sources/agu.v:1]
INFO: [Synth 8-6157] synthesizing module 'twiddle_factor_unified' [/home/fftacc/FFT-Hardware/FFT-Processor-Design/verilog_sources/twiddle_rom.v:3]
	Parameter MAX_N bound to: 1024 - type: integer 
	Parameter ADDR_WIDTH bound to: 11 - type: integer 
INFO: [Synth 8-3876] $readmem data file 'twiddles_1024.txt' is read successfully [/home/fftacc/FFT-Hardware/FFT-Processor-Design/verilog_sources/twiddle_rom.v:21]
INFO: [Synth 8-6155] done synthesizing module 'twiddle_factor_unified' (3#1) [/home/fftacc/FFT-Hardware/FFT-Processor-Design/verilog_sources/twiddle_rom.v:3]
INFO: [Synth 8-6157] synthesizing module 'mixed_memory_unified' [/home/fftacc/FFT-Hardware/FFT-Processor-Design/verilog_sources/memory.v:24]
	Parameter n bound to: 1024 - type: integer 
	Parameter ADDR_WIDTH bound to: 11 - type: integer 
INFO: [Synth 8-6155] done synthesizing module 'mixed_memory_unified' (4#1) [/home/fftacc/FFT-Hardware/FFT-Processor-Design/verilog_sources/memory.v:24]
INFO: [Synth 8-6157] synthesizing module 'complex_fp8_to_fp4' [/home/fftacc/FFT-Hardware/FFT-Processor-Design/verilog_sources/precision_converter.v:133]
INFO: [Synth 8-6157] synthesizing module 'fp8_to_fp4_converter' [/home/fftacc/FFT-Hardware/FFT-Processor-Design/verilog_sources/precision_converter.v:55]
INFO: [Synth 8-6155] done synthesizing module 'fp8_to_fp4_converter' (5#1) [/home/fftacc/FFT-Hardware/FFT-Processor-Design/verilog_sources/precision_converter.v:55]
INFO: [Synth 8-6155] done synthesizing module 'complex_fp8_to_fp4' (6#1) [/home/fftacc/FFT-Hardware/FFT-Processor-Design/verilog_sources/precision_converter.v:133]
INFO: [Synth 8-6157] synthesizing module 'complex_fp4_to_fp8' [/home/fftacc/FFT-Hardware/FFT-Processor-Design/verilog_sources/precision_converter.v:117]
INFO: [Synth 8-6157] synthesizing module 'fp4_to_fp8_converter' [/home/fftacc/FFT-Hardware/FFT-Processor-Design/verilog_sources/precision_converter.v:12]
INFO: [Synth 8-6155] done synthesizing module 'fp4_to_fp8_converter' (7#1) [/home/fftacc/FFT-Hardware/FFT-Processor-Design/verilog_sources/precision_converter.v:12]
INFO: [Synth 8-6155] done synthesizing module 'complex_fp4_to_fp8' (8#1) [/home/fftacc/FFT-Hardware/FFT-Processor-Design/verilog_sources/precision_converter.v:117]
INFO: [Synth 8-6157] synthesizing module 'butterfly_wrapper' [/home/fftacc/FFT-Hardware/FFT-Processor-Design/verilog_sources/mixed_precision_wrappers.v:3]
	Parameter MULT_PRECISION bound to: 0 - type: integer 
	Parameter ADD_PRECISION bound to: 0 - type: integer 
INFO: [Synth 8-6157] synthesizing module 'fp4_butterfly_generation_unit' [/home/fftacc/FFT-Hardware/FFT-Processor-Design/verilog_sources/butterfly.v:42]
INFO: [Synth 8-6157] synthesizing module 'fp4_cmul' [/home/fftacc/FFT-Hardware/FFT-Processor-Design/verilog_sources/multiplier.v:65]
INFO: [Synth 8-6157] synthesizing module 'fp4_mul' [/home/fftacc/FFT-Hardware/FFT-Processor-Design/verilog_sources/multiplier.v:7]
INFO: [Synth 8-6155] done synthesizing module 'fp4_mul' (9#1) [/home/fftacc/FFT-Hardware/FFT-Processor-Design/verilog_sources/multiplier.v:7]
INFO: [Synth 8-6157] synthesizing module 'fp4_add_sub' [/home/fftacc/FFT-Hardware/FFT-Processor-Design/verilog_sources/adder.v:1]
INFO: [Synth 8-6155] done synthesizing module 'fp4_add_sub' (10#1) [/home/fftacc/FFT-Hardware/FFT-Processor-Design/verilog_sources/adder.v:1]
INFO: [Synth 8-6155] done synthesizing module 'fp4_cmul' (11#1) [/home/fftacc/FFT-Hardware/FFT-Processor-Design/verilog_sources/multiplier.v:65]
INFO: [Synth 8-6157] synthesizing module 'fp4_complex_add_sub' [/home/fftacc/FFT-Hardware/FFT-Processor-Design/verilog_sources/adder.v:119]
INFO: [Synth 8-6155] done synthesizing module 'fp4_complex_add_sub' (12#1) [/home/fftacc/FFT-Hardware/FFT-Processor-Design/verilog_sources/adder.v:119]
INFO: [Synth 8-6155] done synthesizing module 'fp4_butterfly_generation_unit' (13#1) [/home/fftacc/FFT-Hardware/FFT-Processor-Design/verilog_sources/butterfly.v:42]
INFO: [Synth 8-6155] done synthesizing module 'butterfly_wrapper' (14#1) [/home/fftacc/FFT-Hardware/FFT-Processor-Design/verilog_sources/mixed_precision_wrappers.v:3]
INFO: [Synth 8-6157] synthesizing module 'butterfly_wrapper__parameterized0' [/home/fftacc/FFT-Hardware/FFT-Processor-Design/verilog_sources/mixed_precision_wrappers.v:3]
	Parameter MULT_PRECISION bound to: 1 - type: integer 
	Parameter ADD_PRECISION bound to: 1 - type: integer 
INFO: [Synth 8-6157] synthesizing module 'fp8_butterfly_generation_unit' [/home/fftacc/FFT-Hardware/FFT-Processor-Design/verilog_sources/butterfly.v:4]
INFO: [Synth 8-6157] synthesizing module 'fp8_cmul' [/home/fftacc/FFT-Hardware/FFT-Processor-Design/verilog_sources/multiplier.v:148]
INFO: [Synth 8-6157] synthesizing module 'fp8_mul' [/home/fftacc/FFT-Hardware/FFT-Processor-Design/verilog_sources/multiplier.v:94]
INFO: [Synth 8-6155] done synthesizing module 'fp8_mul' (15#1) [/home/fftacc/FFT-Hardware/FFT-Processor-Design/verilog_sources/multiplier.v:94]
INFO: [Synth 8-6157] synthesizing module 'fp8_add_sub' [/home/fftacc/FFT-Hardware/FFT-Processor-Design/verilog_sources/adder.v:145]
INFO: [Synth 8-6155] done synthesizing module 'fp8_add_sub' (16#1) [/home/fftacc/FFT-Hardware/FFT-Processor-Design/verilog_sources/adder.v:145]
INFO: [Synth 8-6155] done synthesizing module 'fp8_cmul' (17#1) [/home/fftacc/FFT-Hardware/FFT-Processor-Design/verilog_sources/multiplier.v:148]
INFO: [Synth 8-6157] synthesizing module 'fp8_complex_add_sub' [/home/fftacc/FFT-Hardware/FFT-Processor-Design/verilog_sources/adder.v:289]
INFO: [Synth 8-6155] done synthesizing module 'fp8_complex_add_sub' (18#1) [/home/fftacc/FFT-Hardware/FFT-Processor-Design/verilog_sources/adder.v:289]
INFO: [Synth 8-6155] done synthesizing module 'fp8_butterfly_generation_unit' (19#1) [/home/fftacc/FFT-Hardware/FFT-Processor-Design/verilog_sources/butterfly.v:4]
INFO: [Synth 8-6155] done synthesizing module 'butterfly_wrapper__parameterized0' (19#1) [/home/fftacc/FFT-Hardware/FFT-Processor-Design/verilog_sources/mixed_precision_wrappers.v:3]
INFO: [Synth 8-6155] done synthesizing module 'fft_16_sol3_gen1_core' (20#1) [/home/fftacc/FFT-Hardware/FFT-Processor-Design/generated_designs/fft_16_sol3_gen1.v:9]
INFO: [Synth 8-6155] done synthesizing module 'fft_16_sol3_gen1_top' (21#1) [/home/fftacc/FFT-Hardware/FFT-Processor-Design/generated_designs/fft_16_sol3_gen1_top.v:13]
---------------------------------------------------------------------------------
Finished Synthesize : Time (s): cpu = 00:00:04 ; elapsed = 00:00:04 . Memory (MB): peak = 2547.359 ; gain = 0.000 ; free physical = 19426 ; free virtual = 25935
---------------------------------------------------------------------------------
---------------------------------------------------------------------------------
Finished Constraint Validation : Time (s): cpu = 00:00:04 ; elapsed = 00:00:05 . Memory (MB): peak = 2547.359 ; gain = 0.000 ; free physical = 20368 ; free virtual = 26875
---------------------------------------------------------------------------------
---------------------------------------------------------------------------------
Start Loading Part and Timing Information
---------------------------------------------------------------------------------
Loading part: xc7z020clg484-1
---------------------------------------------------------------------------------
Finished Loading Part and Timing Information : Time (s): cpu = 00:00:04 ; elapsed = 00:00:05 . Memory (MB): peak = 2555.215 ; gain = 7.855 ; free physical = 20411 ; free virtual = 26917
INFO: [Device 21-403] Loading part xc7z020clg484-1
---------------------------------------------------------------------------------
INFO: [Synth 8-802] inferred FSM for state register 'state_reg' in module 'fft_16_sol3_gen1_core'
---------------------------------------------------------------------------------------------------
                   State |                     New Encoding |                Previous Encoding 
---------------------------------------------------------------------------------------------------
                    IDLE |                             0000 |                             0000
               START_AGU |                             0001 |                             0001
          WAIT_AGU_START |                             0010 |                             0010
                  READ_A |                             0011 |                             0011
                  READ_B |                             0100 |                             0100
                  WAIT_A |                             0101 |                             0101
                  WAIT_B |                             0110 |                             0110
                 COMPUTE |                             0111 |                             0111
                 WRITE_X |                             1000 |                             1000
                 WRITE_Y |                             1001 |                             1001
                WAIT_AGU |                             1010 |                             1010
                EVAL_AGU |                             1011 |                             1011
              DONE_STATE |                             1100 |                             1100
                  iSTATE |                             1101 |                             1111
*
---------------------------------------------------------------------------------------------------
INFO: [Synth 8-3354] encoded FSM with state register 'state_reg' using encoding 'sequential' in module 'fft_16_sol3_gen1_core'
---------------------------------------------------------------------------------
Finished RTL Optimization Phase 2 : Time (s): cpu = 00:00:06 ; elapsed = 00:00:06 . Memory (MB): peak = 2555.215 ; gain = 7.855 ; free physical = 19053 ; free virtual = 25571
---------------------------------------------------------------------------------
INFO: [Synth 8-223] decloning instance 'core/bf_st0' (butterfly_wrapper) to 'core/bf_st1'
INFO: [Synth 8-223] decloning instance 'core/bf_st2' (butterfly_wrapper__parameterized0) to 'core/bf_st3'
No constraint files found.
---------------------------------------------------------------------------------
Start RTL Component Statistics 
---------------------------------------------------------------------------------
Detailed RTL Component Info : 
+---Adders : 
	   2 Input   32 Bit       Adders := 3     
	   2 Input   11 Bit       Adders := 5     
	   2 Input   10 Bit       Adders := 1     
	   3 Input    7 Bit       Adders := 6     
	   2 Input    6 Bit       Adders := 4     
	   2 Input    5 Bit       Adders := 4     
	   2 Input    4 Bit       Adders := 52    
	   3 Input    4 Bit       Adders := 12    
	   2 Input    3 Bit       Adders := 10    
	   2 Input    2 Bit       Adders := 30    
	   3 Input    2 Bit       Adders := 6     
	   2 Input    1 Bit       Adders := 6     
+---XORs : 
	   2 Input      1 Bit         XORs := 8     
+---Registers : 
	               24 Bit    Registers := 3     
	               16 Bit    Registers := 3     
	               11 Bit    Registers := 4     
	                1 Bit    Registers := 10    
+---RAMs : 
	              24K Bit	(1024 X 24 bit)          RAMs := 2     
+---Muxes : 
	 513 Input   24 Bit        Muxes := 1     
	   2 Input   24 Bit        Muxes := 5     
	   3 Input   24 Bit        Muxes := 1     
	   3 Input   16 Bit        Muxes := 2     
	   2 Input   16 Bit        Muxes := 7     
	   4 Input   16 Bit        Muxes := 2     
	   2 Input   11 Bit        Muxes := 8     
	  11 Input   11 Bit        Muxes := 1     
	   3 Input   11 Bit        Muxes := 2     
	   2 Input   10 Bit        Muxes := 2     
	   2 Input    8 Bit        Muxes := 21    
	   2 Input    7 Bit        Muxes := 42    
	   2 Input    6 Bit        Muxes := 4     
	   3 Input    4 Bit        Muxes := 2     
	   2 Input    4 Bit        Muxes := 103   
	  14 Input    4 Bit        Muxes := 1     
	   5 Input    3 Bit        Muxes := 2     
	   2 Input    3 Bit        Muxes := 38    
	   4 Input    3 Bit        Muxes := 6     
	   2 Input    2 Bit        Muxes := 66    
	   4 Input    2 Bit        Muxes := 2     
	   2 Input    1 Bit        Muxes := 109   
	   7 Input    1 Bit        Muxes := 6     
	   4 Input    1 Bit        Muxes := 2     
	  14 Input    1 Bit        Muxes := 11    
	   6 Input    1 Bit        Muxes := 1     
---------------------------------------------------------------------------------
Finished RTL Component Statistics 
---------------------------------------------------------------------------------
---------------------------------------------------------------------------------
Start Part Resource Summary
---------------------------------------------------------------------------------
Part Resources:
DSPs: 220 (col length:60)
BRAMs: 280 (col length: RAMB18 60 RAMB36 30)
---------------------------------------------------------------------------------
Finished Part Resource Summary
---------------------------------------------------------------------------------
No constraint files found.
---------------------------------------------------------------------------------
Start Cross Boundary and Area Optimization
---------------------------------------------------------------------------------
DSP Report: Generating DSP idx_a, operation Mode is: C+A*B.
DSP Report: operator idx_a is absorbed into DSP idx_a.
DSP Report: operator group_offset is absorbed into DSP idx_a.
DSP Report: Generating DSP k_idx, operation Mode is: A*B.
DSP Report: operator k_idx is absorbed into DSP k_idx.
INFO: [Common 17-41] Interrupt caught. Command should exit soon.
INFO: [Common 17-41] Interrupt caught. Command should exit soon.
INFO: [Common 17-41] Interrupt caught. Command should exit soon.
1
1
INFO: [Common 17-83] Releasing license: Synthesis
58 Infos, 4 Warnings, 0 Critical Warnings and 1 Errors encountered.
synth_design failed
INFO: [Common 17-344] 'source' was cancelled
INFO: [Common 17-206] Exiting Vivado at Wed Mar 25 18:04:53 2026...
