#-----------------------------------------------------------
# Vivado v2021.1 (64-bit)
# SW Build 3247384 on Thu Jun 10 19:36:07 MDT 2021
# IP Build 3246043 on Fri Jun 11 00:30:35 MDT 2021
# Start of session at: Wed Mar 11 23:02:30 2026
# Process ID: 24659
# Current directory: /home/fftacc/FFT-Hardware/FFT-Processor-Design
# Command line: vivado -mode batch -source ./vivado_synthesis.tcl -tclargs fft_8_sol2_gen1 ./reports/fft_8_sol2_gen1_metrics.csv 10.0 /home/fftacc/FFT-Hardware/FFT-Processor-Design/generated_designs/fft_8_sol2_gen1.v /home/fftacc/FFT-Hardware/FFT-Processor-Design/generated_designs/fft_8_sol2_gen1_top.v /home/fftacc/FFT-Hardware/FFT-Processor-Design/verilog_sources
# Log file: /home/fftacc/FFT-Hardware/FFT-Processor-Design/vivado.log
# Journal file: /home/fftacc/FFT-Hardware/FFT-Processor-Design/vivado.jou
#-----------------------------------------------------------
source ./vivado_synthesis.tcl
# set design_name  [lindex $argv 0]
# set csv_output   [lindex $argv 1]
# set clock_period [lindex $argv 2]
# set core_file    [lindex $argv 3]
# set top_file     [lindex $argv 4]
# set verilog_dir  [lindex $argv 5]
# set top_module "${design_name}_top"
# puts "INFO: design_name  = $design_name"
INFO: design_name  = fft_8_sol1_gen1
# puts "INFO: top_module   = $top_module"
INFO: top_module   = fft_8_sol1_gen1_top
# puts "INFO: core_file    = $core_file"
INFO: core_file    = /home/fftacc/FFT-Hardware/FFT-Processor-Design/generated_designs/fft_8_sol1_gen1.v
# puts "INFO: top_file     = $top_file"
INFO: top_file     = /home/fftacc/FFT-Hardware/FFT-Processor-Design/generated_designs/fft_8_sol1_gen1_top.v
# puts "INFO: verilog_dir  = $verilog_dir"
INFO: verilog_dir  = /home/fftacc/FFT-Hardware/FFT-Processor-Design/verilog_sources
# puts "INFO: csv_output   = $csv_output"
INFO: csv_output   = ./reports/fft_8_sol1_gen1_metrics.csv
# puts "INFO: clock_period = $clock_period ns"
INFO: clock_period = 10.0 ns
# create_project -in_memory -part xc7a35tcpg236-1
# foreach f [glob ${verilog_dir}/*.v] {
#     add_files -norecurse $f
# }
# add_files -norecurse $core_file
# add_files -norecurse $top_file
# set_property include_dirs $verilog_dir [current_fileset]
# set_property top $top_module [current_fileset]
# update_compile_order -fileset sources_1
# synth_design \
#     -top  $top_module \
#     -part xc7a35tcpg236-1 \
#     -mode out_of_context
Command: synth_design -top fft_8_sol1_gen1_top -part xc7a35tcpg236-1 -mode out_of_context
Starting synth_design
Attempting to get a license for feature 'Synthesis' and/or device 'xc7a35t'
INFO: [Common 17-349] Got license for feature 'Synthesis' and/or device 'xc7a35t'
INFO: [Synth 8-7079] Multithreading enabled for synth_design using a maximum of 4 processes.
INFO: [Synth 8-7078] Launching helper process for spawning children vivado processes
INFO: [Synth 8-7075] Helper process launched with PID 24812
---------------------------------------------------------------------------------
Starting Synthesize : Time (s): cpu = 00:00:02 ; elapsed = 00:00:02 . Memory (MB): peak = 2556.328 ; gain = 0.000 ; free physical = 21694 ; free virtual = 28020
---------------------------------------------------------------------------------
INFO: [Synth 8-6157] synthesizing module 'fft_8_sol1_gen1_top' [/home/fftacc/FFT-Hardware/FFT-Processor-Design/generated_designs/fft_8_sol1_gen1_top.v:7]
INFO: [Synth 8-6157] synthesizing module 'bit_reverse' [/home/fftacc/FFT-Hardware/FFT-Processor-Design/verilog_sources/bit_reversal.v:1]
	Parameter MAX_N bound to: 1024 - type: integer 
	Parameter WIDTH bound to: 10 - type: integer 
INFO: [Synth 8-6155] done synthesizing module 'bit_reverse' (1#1) [/home/fftacc/FFT-Hardware/FFT-Processor-Design/verilog_sources/bit_reversal.v:1]
INFO: [Synth 8-6157] synthesizing module 'fft_8_sol1_gen1_core' [/home/fftacc/FFT-Hardware/FFT-Processor-Design/generated_designs/fft_8_sol1_gen1.v:7]
	Parameter MAX_N bound to: 1024 - type: integer 
	Parameter ADDR_WIDTH bound to: 10 - type: integer 
INFO: [Synth 8-6157] synthesizing module 'dit_fft_agu_variable' [/home/fftacc/FFT-Hardware/FFT-Processor-Design/verilog_sources/agu.v:1]
	Parameter MAX_N bound to: 1024 - type: integer 
	Parameter ADDR_WIDTH bound to: 10 - type: integer 
INFO: [Synth 8-6157] synthesizing module 'twiddle_factor_unified' [/home/fftacc/FFT-Hardware/FFT-Processor-Design/verilog_sources/twiddle_rom.v:3]
	Parameter MAX_N bound to: 1024 - type: integer 
	Parameter ADDR_WIDTH bound to: 10 - type: integer 
INFO: [Synth 8-3876] $readmem data file 'twiddles_1024.txt' is read successfully [/home/fftacc/FFT-Hardware/FFT-Processor-Design/verilog_sources/twiddle_rom.v:21]
WARNING: [Synth 8-151] case item 32'b00000000000000000000010000000000 is unreachable [/home/fftacc/FFT-Hardware/FFT-Processor-Design/verilog_sources/twiddle_rom.v:31]
INFO: [Synth 8-6155] done synthesizing module 'twiddle_factor_unified' (2#1) [/home/fftacc/FFT-Hardware/FFT-Processor-Design/verilog_sources/twiddle_rom.v:3]
WARNING: [Synth 8-7071] port 'PRECISION' of module 'twiddle_factor_unified' is unconnected for instance 'tw_rom' [/home/fftacc/FFT-Hardware/FFT-Processor-Design/verilog_sources/agu.v:60]
WARNING: [Synth 8-7023] instance 'tw_rom' of module 'twiddle_factor_unified' has 4 connections declared, but only 3 given [/home/fftacc/FFT-Hardware/FFT-Processor-Design/verilog_sources/agu.v:60]
INFO: [Synth 8-6155] done synthesizing module 'dit_fft_agu_variable' (3#1) [/home/fftacc/FFT-Hardware/FFT-Processor-Design/verilog_sources/agu.v:1]
INFO: [Synth 8-6157] synthesizing module 'mixed_memory_unified' [/home/fftacc/FFT-Hardware/FFT-Processor-Design/verilog_sources/memory.v:8]
	Parameter n bound to: 1024 - type: integer 
	Parameter ADDR_WIDTH bound to: 10 - type: integer 
INFO: [Synth 8-6155] done synthesizing module 'mixed_memory_unified' (4#1) [/home/fftacc/FFT-Hardware/FFT-Processor-Design/verilog_sources/memory.v:8]
INFO: [Synth 8-6157] synthesizing module 'butterfly_wrapper' [/home/fftacc/FFT-Hardware/FFT-Processor-Design/verilog_sources/mixed_precision_wrappers.v:3]
	Parameter MULT_PRECISION bound to: 1 - type: integer 
	Parameter ADD_PRECISION bound to: 1 - type: integer 
INFO: [Synth 8-6157] synthesizing module 'fp8_butterfly_generation_unit' [/home/fftacc/FFT-Hardware/FFT-Processor-Design/verilog_sources/butterfly.v:4]
INFO: [Synth 8-6157] synthesizing module 'fp8_cmul' [/home/fftacc/FFT-Hardware/FFT-Processor-Design/verilog_sources/multiplier.v:144]
INFO: [Synth 8-6157] synthesizing module 'fp8_mul' [/home/fftacc/FFT-Hardware/FFT-Processor-Design/verilog_sources/multiplier.v:90]
INFO: [Synth 8-6155] done synthesizing module 'fp8_mul' (5#1) [/home/fftacc/FFT-Hardware/FFT-Processor-Design/verilog_sources/multiplier.v:90]
INFO: [Synth 8-6157] synthesizing module 'fp8_add_sub' [/home/fftacc/FFT-Hardware/FFT-Processor-Design/verilog_sources/adder.v:191]
INFO: [Synth 8-6155] done synthesizing module 'fp8_add_sub' (6#1) [/home/fftacc/FFT-Hardware/FFT-Processor-Design/verilog_sources/adder.v:191]
INFO: [Synth 8-6155] done synthesizing module 'fp8_cmul' (7#1) [/home/fftacc/FFT-Hardware/FFT-Processor-Design/verilog_sources/multiplier.v:144]
INFO: [Synth 8-6157] synthesizing module 'fp8_complex_add_sub' [/home/fftacc/FFT-Hardware/FFT-Processor-Design/verilog_sources/adder.v:372]
INFO: [Synth 8-6155] done synthesizing module 'fp8_complex_add_sub' (8#1) [/home/fftacc/FFT-Hardware/FFT-Processor-Design/verilog_sources/adder.v:372]
INFO: [Synth 8-6155] done synthesizing module 'fp8_butterfly_generation_unit' (9#1) [/home/fftacc/FFT-Hardware/FFT-Processor-Design/verilog_sources/butterfly.v:4]
INFO: [Synth 8-6155] done synthesizing module 'butterfly_wrapper' (10#1) [/home/fftacc/FFT-Hardware/FFT-Processor-Design/verilog_sources/mixed_precision_wrappers.v:3]
INFO: [Synth 8-6157] synthesizing module 'fp8_to_fp4_converter' [/home/fftacc/FFT-Hardware/FFT-Processor-Design/verilog_sources/precision_converter.v:52]
INFO: [Synth 8-6155] done synthesizing module 'fp8_to_fp4_converter' (11#1) [/home/fftacc/FFT-Hardware/FFT-Processor-Design/verilog_sources/precision_converter.v:52]
INFO: [Synth 8-6157] synthesizing module 'fp4_to_fp8_converter' [/home/fftacc/FFT-Hardware/FFT-Processor-Design/verilog_sources/precision_converter.v:9]
INFO: [Synth 8-6155] done synthesizing module 'fp4_to_fp8_converter' (12#1) [/home/fftacc/FFT-Hardware/FFT-Processor-Design/verilog_sources/precision_converter.v:9]
INFO: [Synth 8-155] case statement is not full and has no default [/home/fftacc/FFT-Hardware/FFT-Processor-Design/generated_designs/fft_8_sol1_gen1.v:333]
INFO: [Synth 8-6155] done synthesizing module 'fft_8_sol1_gen1_core' (13#1) [/home/fftacc/FFT-Hardware/FFT-Processor-Design/generated_designs/fft_8_sol1_gen1.v:7]
INFO: [Synth 8-6155] done synthesizing module 'fft_8_sol1_gen1_top' (14#1) [/home/fftacc/FFT-Hardware/FFT-Processor-Design/generated_designs/fft_8_sol1_gen1_top.v:7]
---------------------------------------------------------------------------------
Finished Synthesize : Time (s): cpu = 00:00:09 ; elapsed = 00:00:09 . Memory (MB): peak = 2556.328 ; gain = 0.000 ; free physical = 21683 ; free virtual = 28018
---------------------------------------------------------------------------------
---------------------------------------------------------------------------------
Finished Constraint Validation : Time (s): cpu = 00:00:10 ; elapsed = 00:00:10 . Memory (MB): peak = 2556.328 ; gain = 0.000 ; free physical = 21364 ; free virtual = 27754
---------------------------------------------------------------------------------
---------------------------------------------------------------------------------
Start Loading Part and Timing Information
---------------------------------------------------------------------------------
Loading part: xc7a35tcpg236-1
INFO: [Device 21-403] Loading part xc7a35tcpg236-1
---------------------------------------------------------------------------------
Finished Loading Part and Timing Information : Time (s): cpu = 00:00:10 ; elapsed = 00:00:10 . Memory (MB): peak = 2564.184 ; gain = 7.855 ; free physical = 21350 ; free virtual = 27744
---------------------------------------------------------------------------------
INFO: [Synth 8-802] inferred FSM for state register 'state_reg' in module 'fft_8_sol1_gen1_core'
INFO: [Synth 8-802] inferred FSM for state register 'mem_state_reg' in module 'fft_8_sol1_gen1_top'
---------------------------------------------------------------------------------------------------
                   State |                     New Encoding |                Previous Encoding 
---------------------------------------------------------------------------------------------------
                    IDLE |                     000000000001 |                             0000
                    INIT |                     000000000010 |                             0001
                  READ_A |                     000000000100 |                             0010
                  WAIT_1 |                     000000001000 |                             0011
                  WAIT_A |                     000000010000 |                             0100
                  READ_B |                     000000100000 |                             0101
                  WAIT_2 |                     000001000000 |                             0110
                  WAIT_B |                     000010000000 |                             0111
                 COMPUTE |                     000100000000 |                             1000
                 WRITE_X |                     001000000000 |                             1001
                 WRITE_Y |                     010000000000 |                             1010
                    DONE |                     100000000000 |                             1011
---------------------------------------------------------------------------------------------------
INFO: [Synth 8-3354] encoded FSM with state register 'state_reg' using encoding 'one-hot' in module 'fft_8_sol1_gen1_core'
---------------------------------------------------------------------------------------------------
                   State |                     New Encoding |                Previous Encoding 
---------------------------------------------------------------------------------------------------
                MEM_IDLE |                               00 |                               00
               MEM_WRITE |                               01 |                               01
             MEM_PROCESS |                               10 |                               10
                MEM_READ |                               11 |                               11
---------------------------------------------------------------------------------------------------
INFO: [Synth 8-3354] encoded FSM with state register 'mem_state_reg' using encoding 'sequential' in module 'fft_8_sol1_gen1_top'
---------------------------------------------------------------------------------
Finished RTL Optimization Phase 2 : Time (s): cpu = 00:00:24 ; elapsed = 00:00:27 . Memory (MB): peak = 2564.184 ; gain = 7.855 ; free physical = 20443 ; free virtual = 26774
---------------------------------------------------------------------------------
INFO: [Synth 8-223] decloning instance 'fft_core/bf_stage0_inst' (butterfly_wrapper) to 'fft_core/bf_stage1_inst'
INFO: [Synth 8-223] decloning instance 'fft_core/bf_stage0_inst' (butterfly_wrapper) to 'fft_core/bf_stage2_inst'
No constraint files found.
---------------------------------------------------------------------------------
Start RTL Component Statistics 
---------------------------------------------------------------------------------
Detailed RTL Component Info : 
+---Adders : 
	   2 Input   32 Bit       Adders := 4     
	   2 Input   11 Bit       Adders := 1     
	   2 Input   10 Bit       Adders := 9     
	   2 Input    6 Bit       Adders := 4     
	   3 Input    6 Bit       Adders := 6     
	   2 Input    5 Bit       Adders := 34    
	   3 Input    5 Bit       Adders := 6     
	   2 Input    4 Bit       Adders := 4     
	   2 Input    2 Bit       Adders := 4     
+---XORs : 
	   2 Input      1 Bit         XORs := 4     
+---Registers : 
	               24 Bit    Registers := 2053  
	               16 Bit    Registers := 3     
	               10 Bit    Registers := 10    
	                1 Bit    Registers := 17    
+---Muxes : 
	   2 Input   24 Bit        Muxes := 6     
	  12 Input   24 Bit        Muxes := 1     
	   2 Input   16 Bit        Muxes := 11    
	   3 Input   16 Bit        Muxes := 4     
	   4 Input   16 Bit        Muxes := 2     
	  12 Input   12 Bit        Muxes := 1     
	   2 Input   12 Bit        Muxes := 1     
	  10 Input   10 Bit        Muxes := 2     
	   2 Input   10 Bit        Muxes := 8     
	  12 Input   10 Bit        Muxes := 2     
	   4 Input   10 Bit        Muxes := 3     
	   2 Input    8 Bit        Muxes := 22    
	   2 Input    6 Bit        Muxes := 10    
	   2 Input    5 Bit        Muxes := 72    
	   2 Input    4 Bit        Muxes := 10    
	   3 Input    4 Bit        Muxes := 1     
	   5 Input    3 Bit        Muxes := 1     
	   2 Input    3 Bit        Muxes := 1     
	   3 Input    3 Bit        Muxes := 4     
	   2 Input    2 Bit        Muxes := 26    
	   3 Input    2 Bit        Muxes := 1     
	   4 Input    2 Bit        Muxes := 1     
	   2 Input    1 Bit        Muxes := 55    
	   6 Input    1 Bit        Muxes := 6     
	   4 Input    1 Bit        Muxes := 20    
	  12 Input    1 Bit        Muxes := 6     
---------------------------------------------------------------------------------
Finished RTL Component Statistics 
---------------------------------------------------------------------------------
---------------------------------------------------------------------------------
Start Part Resource Summary
---------------------------------------------------------------------------------
Part Resources:
DSPs: 90 (col length:60)
BRAMs: 100 (col length: RAMB18 60 RAMB36 30)
---------------------------------------------------------------------------------
Finished Part Resource Summary
---------------------------------------------------------------------------------
No constraint files found.
---------------------------------------------------------------------------------
Start Cross Boundary and Area Optimization
---------------------------------------------------------------------------------
DSP Report: Generating DSP idx_a, operation Mode is: C+A*B.
DSP Report: operator idx_a is absorbed into DSP idx_a.
DSP Report: operator group_offset is absorbed into DSP idx_a.
DSP Report: Generating DSP k_idx, operation Mode is: A*B.
DSP Report: operator k_idx is absorbed into DSP k_idx.
---------------------------------------------------------------------------------
Finished Cross Boundary and Area Optimization : Time (s): cpu = 00:01:14 ; elapsed = 00:01:22 . Memory (MB): peak = 2624.184 ; gain = 67.855 ; free physical = 19977 ; free virtual = 26482
---------------------------------------------------------------------------------
---------------------------------------------------------------------------------
Start ROM, RAM, DSP, Shift Register and Retiming Reporting
---------------------------------------------------------------------------------

ROM: Preliminary Mapping Report
+-----------------------+------------+---------------+----------------+
|Module Name            | RTL Object | Depth x Width | Implemented As | 
+-----------------------+------------+---------------+----------------+
|twiddle_factor_unified | p_0_out    | 512x19        | LUT            | 
|dit_fft_agu_variable   | p_0_out    | 512x19        | LUT            | 
|twiddle_factor_unified | p_0_out    | 512x19        | LUT            | 
+-----------------------+------------+---------------+----------------+


DSP: Preliminary Mapping Report (see note below)
+---------------------+-------------+--------+--------+--------+--------+--------+------+------+------+------+-------+------+------+
|Module Name          | DSP Mapping | A Size | B Size | C Size | D Size | P Size | AREG | BREG | CREG | DREG | ADREG | MREG | PREG | 
+---------------------+-------------+--------+--------+--------+--------+--------+------+------+------+------+-------+------+------+
|dit_fft_agu_variable | C+A*B       | 10     | 10     | 10     | -      | 10     | 0    | 0    | 0    | -    | -     | 0    | 0    | 
|dit_fft_agu_variable | A*B         | 10     | 10     | -      | -      | 20     | 0    | 0    | -    | -    | -     | 0    | 0    | 
+---------------------+-------------+--------+--------+--------+--------+--------+------+------+------+------+-------+------+------+

Note: ---------------------------------------------------------------------------------
Finished Cross Boundary and Area Optimization : Time (s): cpu = 00:01:18 ; elapsed = 00:01:25 . Memory (MB): peak = 2633.289 ; gain = 76.863 ; free physical = 20143 ; free virtual = 26644
---------------------------------------------------------------------------------
---------------------------------------------------------------------------------
Start ROM, RAM, DSP, Shift Register and Retiming Reporting
---------------------------------------------------------------------------------

ROM: Preliminary Mapping Report
+-----------------------+------------+---------------+----------------+
|Module Name            | RTL Object | Depth x Width | Implemented As | 
+-----------------------+------------+---------------+----------------+
|twiddle_factor_unified | p_0_out    | 512x19        | LUT            | 
|dit_fft_agu_variable   | p_0_out    | 512x19        | LUT            | 
|twiddle_factor_unified | p_0_out    | 512x19        | LUT            | 
+-----------------------+------------+---------------+----------------+


DSP: Preliminary Mapping Report (see note below)
+---------------------+-------------+-----------------------------------------------------------------------------------------
Finished Technology Mapping : Time (s): cpu = 00:01:24 ; elapsed = 00:01:33 . Memory (MB): peak = 2624.184 ; gain = 67.855 ; free physical = 19732 ; free virtual = 26248
---------------------------------------------------------------------------------
---------------------------------------------------------------------------------
Start IO Insertion
---------------------------------------------------------------------------------
---------------------------------------------------------------------------------
Start Flattening Before IO Insertion
---------------------------------------------------------------------------------
---------------------------------------------------------------------------------
Finished Flattening Before IO Insertion
---------------------------------------------------------------------------------
---------------------------------------------------------------------------------
Start Final Netlist Cleanup
---------------------------------------------------------------------------------
---------------------------------------------------------------------------------
Finished Final Netlist Cleanup
---------------------------------------------------------------------------------
---------------------------------------------------------------------------------
Finished IO Insertion : Time (s): cpu = 00:01:32 ; elapsed = 00:01:41 . Memory (MB): peak = 2624.184 ; gain = 67.855 ; free physical = 19852 ; free virtual = 26326
---------------------------------------------------------------------------------
---------------------------------------------------------------------------------
Start Renaming Generated Instances
---------------------------------------------------------------------------------
---------------------------------------------------------------------------------
Finished Renaming Generated Instances : Time (s): cpu = 00:01:33 ; elapsed = 00:01:41 . Memory (MB): peak = 2624.184 ; gain = 67.855 ; free physical = 19825 ; free virtual = 26299
---------------------------------------------------------------------------------
---------------------------------------------------------------------------------
Start Rebuilding User Hierarchy
---------------------------------------------------------------------------------
---------------------------------------------------------------------------------
Finished Rebuilding User Hierarchy : Time (s): cpu = 00:01:35 ; elapsed = 00:01:43 . Memory (MB): peak = 2624.184 ; gain = 67.855 ; free physical = 21242 ; free virtual = 27716
---------------------------------------------------------------------------------
---------------------------------------------------------------------------------
Start Renaming Generated Ports
---------------------------------------------------------------------------------
---------------------------------------------------------------------------------
Finished Renaming Generated Ports : Time (s): cpu = 00:01:35 ; elapsed = 00:01:44 . Memory (MB): peak = 2624.184 ; gain = 67.855 ; free physical = 21241 ; free virtual = 27715
---------------------------------------------------------------------------------
------------------------------------------------------------------------------------------------------------------
Finished IO Insertion : Time (s): cpu = 00:01:36 ; elapsed = 00:01:44 . Memory (MB): peak = 2664.992 ; gain = 108.566 ; free physical = 21239 ; free virtual = 27713
---------------------------------------------------------------------------------
---------------------------------------------------------------------------------
Start Renaming Generated Instances
-------------------------------------------------------------------------------------------------------------------------------------------------------------------
Finished Renaming Generated Instances : Time (s): cpu = 00:01:36 ; elapsed = 00:01:44 . Memory (MB): peak = 2664.992 ; gain = 108.566 ; free physical = 21326 ; free virtual = 27800
-------------------------------------------------------------------------------------------------------------------------------------------------------------------
Start Rebuilding User Hierarchy
-------------------------------------------------------------------------------------------------------------------------------------------------------------------
Finished Rebuilding User Hierarchy : Time (s): cpu = 00:01:39 ; elapsed = 00:01:47 . Memory (MB): peak = 2664.992 ; gain = 108.566 ; free physical = 21271 ; free virtual = 27746
---------------------------------------------------------------------------------
---------------------------------------------------------------------------------
Start Renaming Generated Ports
-------------------------------------------------------------------------------------------------------------------------------------------------------------------
Finished Renaming Generated Ports : Time (s): cpu = 00:01:39 ; elapsed = 00:01:47 . Memory (MB): peak = 2664.992 ; gain = 108.566 ; free physical = 21268 ; free virtual = 27743
-------------------------------------------------------------------------------------------------------------------------------------------------------------------
Start Handling Custom Attributes
---------------------------------------------------------------------------------
---------------------------------------------------------------------------------
Finished Handling Custom Attributes : Time (s): cpu = 00:01:39 ; elapsed = 00:01:47 . Memory (MB): peak = 2664.992 ; gain = 108.566 ; free physical = 21268 ; free virtual = 27743
---------------------------------------------------------------------------------
---------------------------------------------------------------------------------
Start Renaming Generated Nets
-------------------------------------------------------------------------------------------------------------------------------------------------------------------
Finished Renaming Generated Nets : Time (s): cpu = 00:01:39 ; elapsed = 00:01:47 . Memory (MB): peak = 2664.992 ; gain = 108.566 ; free physical = 21279 ; free virtual = 27754
---------------------------------------------------------------------------------
---------------------------------------------------------------------------------
Start Writing Synthesis Report
---------------------------------------------------------------------------------

Report BlackBoxes: 
+-+--------------+----------+
| |BlackBox name |Instances |
+-+--------------+----------+
+-+--------------+----------+

Report Cell Usage: 
+------+--------+------+
|      |Cell    |Count |
+------+--------+------+
|1     |CARRY4  |    48|
|2     |DSP48E1 |     2|
|3     |LUT1    |    32|
|4     |LUT2    |   742|
|5     |LUT3    |  1170|
|6     |LUT4    |   294|
|7     |LUT5    |   920|
|8     |LUT6    | 15262|
|9     |MUXF7   |  6530|
|10    |MUXF8   |  3264|
|11    |FDCE    | 49462|
|12    |FDPE    |     9|
+------+--------+------+

Report Instance Areas: 
+------+----------------------------------------+----------------------------------+------+
|      |Instance                                |Module                            |Cells |
+------+----------------------------------------+----------------------------------+------+
|1     |top                                     |         INFO: [Opt 31-138] Pushed 0 inverter(s) to 0 load pin(s).
Netlist sorting complete. Time (s): cpu = 00:00:00.01 ; elapsed = 00:00:00 . Memory (MB): peak = 2680.211 ; gain = 0.000 ; free physical = 20865 ; free virtual = 27338
INFO: [Project 1-111] Unisim Transformation Summary:
No Unisim elements were transformed.

Synth Design complete, checksum: ea8b8d5b
INFO: [Common 17-83] Releasing license: Synthesis
48 Infos, 4 Warnings, 0 Critical Warnings and 0 Errors encountered.
synth_design completed successfully
synth_design: Time (s): cpu = 00:01:47 ; elapsed = 00:01:51 . Memory (MB): peak = 2680.211 ; gain = 124.016 ; free physical = 21055 ; free virtual = 27528
# create_clock -period $clock_period -name clk [get_ports clk]
# opt_design
Command: opt_design
Attempting to get a license for feature 'Implementation' and/or device 'xc7a35t'
INFO: [Common 17-349] Got license for feature 'Implementation' and/or device 'xc7a35t'
Running DRC as a precondition to command opt_design

Starting DRC Task
INFO: [DRC 23-27] Running DRC with 8 threads
INFO: [Project 1-461] DRC finished with 0 Errors
INFO: [Project 1-462] Please refer to the DRC report (report_drc) for more information.

Time (s): cpu = 00:00:01 ; elapsed = 00:00:00.44 . Memory (MB): peak = 2744.242 ; gain = 64.031 ; free physical = 21052 ; free virtual = 27525

Starting Cache Timing Information Task
INFO: [Timing 38-35] Done setting XDC timing constraints.
Ending Cache Timing Information Task | Checksum: ec9b1c34

Time (s): cpu = 00:00:07 ; elapsed = 00:00:06 . Memory (MB): peak = 2957.055 ; gain = 212.812 ; free physical = 20511 ; free virtual = 26979

Starting Logic Optimization Task

Phase 1 Retarget
INFO: [Opt 31-138] Pushed 0 inverter(s) to 0 load pin(s).
INFO: [Opt 31-49] Retargeted 0 cell(s).
Phase 1 Retarget | Checksum: ae3f99ba

Time (s): cpu = 00:00:04 ; elapsed = 00:00:02 . Memory (MB): peak = 3106.930 ; gain = 0.000 ; free physical = 19710 ; free virtual = 26171
INFO: [Opt 31-389] Phase Retarget created 0 cells and removed 8 cells

Phase 2 Constant propagation
INFO: [Opt 31-138] Pushed 0 inverter(s) to 0 load pin(s).
Phase 2 Constant propagation | Checksum: ae3f99ba

Time (s): cpu = 00:00:04 ; elapsed = 00:00:02 . Memory (MB): peak = 3106.930 ; gain = 0.000 ; free physical = 19715 ; free virtual = 26175
INFO: [Opt 31-389] Phase Constant propagation created 0 cells and removed 0 cells

Phase 3 Sweep
Phase 3 Sweep | Checksum: 144803c07

Time (s): cpu = 00:00:05 ; elapsed = 00:00:03 . Memory (MB): peak = 3106.930 ; gain = 0.000 ; free physical = 19477 ; free virtual = 25979
INFO: [Opt 31-389] Phase Sweep created 0 cells and removed 0 cells

Phase 4 BUFG optimization
INFO: [Opt 31-129] Inserted BUFG to drive high-fanout reset|set|enable net. BUFG cell: fft_core/memory_inst/rst_0_BUFG_inst, Net: fft_core/memory_inst/rst_0
Phase 4 BUFG optimization | Checksum: df86f920

Time (s): cpu = 00:00:05 ; elapsed = 00:00:04 . Memory (MB): peak = 3106.930 ; gain = 0.000 ; free physical = 19378 ; free virtual = 25855
INFO: [Opt 31-662] Phase BUFG optimization created 1 cells of which 1 are BUFGs and removed 0 cells.

Phase 5 Shift Register Optimization
INFO: [Opt 31-1064] SRL Remap converted 0 SRLs to 0 registers and converted 0 registers of register chains to 0 SRLs
Phase 5 Shift Register Optimization | Checksum: df86f920

Time (s): cpu = 00:00:06 ; elapsed = 00:00:04 . Memory (MB): peak = 3106.930 ; gain = 0.000 ; free physical = 19379 ; free virtual = 25857
INFO: [Opt 31-389] Phase Shift Register Optimization created 0 cells and removed 0 cells

Phase 6 Post Processing Netlist
Phase 6 Post Processing Netlist | Checksum: df86f920

Time (s): cpu = 00:00:06 ; elapsed = 00:00:04 . Memory (MB): peak = 3106.930 ; gain = 0.000 ; free physical = 19390 ; free virtual = 25868
INFO: [Opt 31-389] Phase Post Processing Netlist created 0 cells and removed 0 c
Phase 1 R
Phase 1INFO: [OptINFO: [Opt 31-138] Pushed 0 inverter(s) to 0 loaINFO: [OptINFO: [Opt 31-49] Retargeted 0 cell(s).
Phase 1 Retarget | Checksum: 15c1300e2

Time (s): cpu = 00:00:04 ; elapsed = 00:00:02 . Memory (MB): peak = 3107.770 ; gain = 0.000 ; free physical = 19376 ; free virtual = 25858
INFO: [Opt 31-389] Phase Retarget created 0 cells and removed 8 cells

Phase 2 Constant pINFO: [Opt INFO: [Opt 31-138] Pushed 0 inverter(s) to 0 load pin(s).
Phase 2 Constant propagation | Checksum: 15c1300e2

Time (s): cpu = 00:00:05 ; elapsed = 00:00:02 . Memory (MB): peak = 3107.770 ; gain = 0.000 ; free physical = 19512 ; free virtual = 25993
INFO: [Opt 31-389] Phase Constant propagation created 0 cells and removed 0 cells

PhPhase 3 SweePhase 3 Sweep | Checksum: 126f30ecd

Time (s): cpu = 00:00:05 ; elapsed = 00:00:03 . Memory (MB): peak = 3107.770 ; gain = 0.000 ; free physical = 19494 ; free virtual = 25973
INFO: [Opt 31-389] Phase Sweep created 0 cells and removed 0 cells

Phase 4 BUFG oINFO: [Opt 3INFO: [Opt 31-129] Inserted BUFG to drive high-fanout reset|set|enable net. BUFG cell: fft_core/memory_inst/rst_0_BUFG_inst, Net: fft_core/memoryPhase 4 BUFGPhase 4 BUFG optimization | Checksum: 1601bc244

Time (s): cpu = 00:00:06 ; elapsed = 00:00:04 . Memory (MB): peak = 3107.770 ; gain = 0.000 ; free physical = 19380 ; free virtual = 25864
INFO: [Opt 31-662] Phase BUFG optimization created 1 cells of which 1 are BUFGs and removed 0 cells.

Phase 5 Shift Register Optimization
INFO: [Opt 31-1064] SRL Remap converted 0 SRLs to 0 registers and converted 0 registers of register chains to 0 SRLs
Phase 5 Shift Register Optimization | Checksum: 1601bc244

Time (s): cpu = 00:00:06 ; elapsed = 00:00:04 . Memory (MB): peak = 3107.770 ; gain = 0.000 ; free physical = 19362 ; free virtual = 25861
INFO: [Opt 31-389] Phase Shift Register Optimization created 0 cells and removed 0 cells

Phase 6 Post Processing Netlist
Phase 6 Post Processing Netlist | Checksum: 1601bc244

Time (s): cpu = 00:00:06 ; elapsed = 00:00:04 . Memory (MB): peak = 3107.770 ; gain = 0.000 ; free physical = 19362 ; free virtual = 25860
INFO: [Opt 31-389] Phase Post Processing Netlist created 0 cells and removed 0 cells
Opt_design Change Summary
=========================


-------------------------------------------------------------------------------------------------------------------------
|  Phase                        |  #Cells created  |  #Cells Removed  |  #Constrained objects preventing optimizations  |
-------------------------------------------------------------------------------------------------------------------------
|  Retarget                     |               0  |               8  |                                              0  |
|  Constant propagation         |               0  |               0  |                                              0  |
|  Sweep                        |               0  |               0  |                                              0  |
|  BUFG optimization            |               1  |               0  |                                              0  |
|  Shift Register Optimization  |               0  |               0  |                                              0  |
|  Post Processing Netlist      |               0  |               0  |                                              0  |
----------------------------------------------------------------------------------------------------------------
Starting Co
Starting Connectivity Check Task

Time (s): cpu = 00:00:00.10 ; elapsed = 00:00:00.10 . Memory (MB): peak = 3107.770 ; gain = 0.000 ; free physical = 19431 ; free virtual = 25922
Ending Logic Optimization Task | Checksum: 37d84eaa

Time (s): cpu = 00:00:08 ; elapsed = 00:00:05 . Memory (MB): peak = 3107.770 ; gain = 0.000 ; free physical = 19431 ; free virtual = 25922

Starting Power Optimization Task
INFO: [Pwropt 34-132] Skipping clock gating for clocks with a period < 2.00 ns.
Ending Power Optimization Task | Checksum: 37d84eaa

Time (s): cpu = 00:00:00.04 ; elapsed = 00:00:00.03 . Memory (MB): peak = 3107.770 ; gain = 0.000 ; free physical = 19566 ; free virtual = 26054

Starting Final Cleanup TaskWARNING: [Timing 38-242] The property HD.CLK_SRC of clock port "clk" is not set. In out-of-context mode, this prevents timing estimation for clock delay/skew
Resolution: Set the HD.CLK_SRC property of the out-of-context port to the location of the clock buffer instance in the top-level design

Finished Running Vector-less Activity Propagation
1 Infos, 1 Warnings, 0 Critical Warnings and 0 Errors encountered.
report_power completed successfully
report_power: Time (s): cpu = 00:00:35 ; elapsed = 00:00:12 . Memory (MB): peak = 3202.000 ; gain = 95.070 ; free physical = 19126 ; free virtual = 25603
# set total_power 0.0
# if {[file exists $power_rpt_file]} {
#     set fp [open $power_rpt_file r]
#     set content [read $fp]
#     close $fp
# 
#     foreach line [split $content "\n"] {
#         if {[regexp {Total On-Chip Power \(W\)\s*\|\s*([0-9.]+)} $line -> val]} {
#             set total_power [string trim $val]
#             break
#         }
#         if {[regexp {^\|\s*Total\s*\|\s*([0-9.]+)\s*\|} $line -> val]} {
#             set total_power [string trim $val]
#             break
#         }
#     }
# }
# set wns_rpt_file "/tmp/${design_name}_timing.rpt"
# report_timing_summary -file $wns_rpt_file
INFO: [Timing 38-91] UpdateTimingParams: Speed grade: -1, Delay Type: min_max.
INFO: [Timing 38-191] Multithreading enabled for timing update using a maximum of 8 CPUs
# set wns "N/A"
# if {[file exists $wns_rpt_file]} {
#     set fp [open $wns_rpt_file r]
#     set content [read $fp]
#     close $fp
#     if {[regexp {WNS\(ns\)[^\n]*\n[^\n]*\n\s*([-0-9.]+)} $content -> val]} {
#         set wns [string trim $val]
#     }
# }
# set csv_dir [file dirname $csv_output]
# file mkdir $csv_dir
# set fp [open $csv_output w]
# puts $fp "Metric,Value"
# puts $fp "design_name,$design_name"
# puts $fp "top_module,$top_module"
# puts $fp "lut_count,$lut_count"
# puts $fp "total_power_w,$total_power"
# puts $fp "wns_ns,$wns"
# puts $fp "clock_period_ns,$clock_period"
# close $fp
# puts stdout "INFO: Synthesis complete  : $design_name"
INFO: Synthesis complete  : fft_8_sol1_gen1
# puts stdout "INFO:   LUTs  = $lut_count"
INFO:   LUTs  = 17955
# puts stdout "INFO:   Power = $total_power W"
INFO:   Power = 0.251 W
# puts stdout "INFO:   WNS   = $wns ns"
INFO:   WNS   = -42.586 ns
# puts stdout "INFO:   CSV   = $csv_output"
INFO:   CSV   = ./reports/fft_8_sol1_gen1_metrics.csv
INFO: [Common 17-206] Exiting Vivado at Wed Mar 11 23:04:55 2026...
ck buffer instance in the
Finished Running 
Finished Running Vector-less Act1 Infos, 1 Warning1 Infos, 1 Warnings, 0 Critical Warnings and 0 Errors encountered.
report_power completed successfully
report_power: Time (s): cpu = 00:00:40 ; elapsed = 00:00:12 . Memory (MB): peak = 3202.840 ; gain = 95.070 ; free physical = 19157 ; free virtual = 25588
# set total_power 0.0
# if {[file exists $power_rpt_file]} {
#     set fp [open $power_rpt_file r]
#     set content [read $fp]
#     close $fp
# 
#     foreach line [split $content "\n"] {
#         if {[regexp {Total On-Chip Power \(W\)\s*\|\s*([0-9.]+)} $line -> val]} {
#             set total_power [string trim $val]
#             break
#         }
#         if {[regexp {^\|\s*Total\s*\|\s*([0-9.]+)\s*\|} $line -> val]} {
#             set total_power [string trim $val]
#             break
#         }
#     }
# }
# set wns_rpt_file "/tmp/${design_name}_timing.rpt"
# report_timing_summary -file $wns_rpt_file
INFO: [Timing 38-91] UpdateTimingParams: Speed grade: -1, Delay Type: min_max.
INFO: [Timing 38-191] Multithreading enabled for timing update using a # set wns "N/A"
# # set wns "N/A"
# if {[file exists $wns_rpt_file]} {
#     set fp [open $wns_rpt_file r]
#     set content [read $fp]
#     close $fp
#     if {[regexp {WNS\(ns\)[^\n]*\n[^\n]*\n\s*([-0-9.]+)} $content -> val]} {
#         set wns [string trim $val]
#     }
# }
# set csv_dir [file dirname $csv_output]
# file mkdir $csv_dir
# set fp [open $csv_output w]
# puts $fp "Metric,Value"
# puts $fp "design_name,$design_name"
# puts $fp "top_module,$top_module"
# puts $fp "lut_count,$lut_count"
# puts $fp "total_power_w,$total_power"
# puts $fp "wns_ns,$wns"
# puts $fp "clock_period_ns,$clock_period"
# close $fp
# puts stdout "INFO: Synthesis complete  : $design_name"
INFO: Synthesis complete  : fft_8_sol2_gen1
# puts stdout "INFO:   LUTs  = $lut_count"
INFO:   LUTs  = 18054
# puts stdout "INFO:   Power = $total_power W"
INFO:   Power = 0.252 W
# puts stdout "INFO:   WNS   = $wns ns"
INFO:   WNS   = -42.531 ns
# puts stdout "INFO:   CSV   = $csv_output"
INFO:   CSV   = ./reports/fft_8_sol2_gen1_metrics.csv
INFO: [Common 17-206] Exiting Vivado at Wed Mar 11 23:04:59 2026...
