[2026-02-11 11:15:32] [INFO] Initialized directory structure
[2026-02-11 19:32:08] [INFO] Initialized directory structure
[2026-02-11 19:34:54] [INFO] Initialized directory structure
[2026-02-11 19:39:18] [INFO] Initialized directory structure
[2026-02-11 19:42:47] [INFO] Initialized directory structure
[2026-02-11 19:42:47] [INFO] Running quick test with 8-point FFT
[2026-02-11 19:42:47] [INFO] Setting up Verilog source files
[2026-02-11 19:42:47] [WARN] Warning: adder.v not found in uploads
[2026-02-11 19:42:47] [WARN] Warning: multiplier.v not found in uploads
[2026-02-11 19:42:47] [WARN] Warning: mixed_precision_wrappers.v not found in uploads
[2026-02-11 19:42:47] [WARN] Warning: twiddle_rom.v not found in uploads
[2026-02-11 19:42:47] [WARN] Warning: agu.v not found in uploads
[2026-02-11 19:42:47] [WARN] Warning: memory.v not found in uploads
[2026-02-11 19:42:47] [INFO] 
============================================================
[2026-02-11 19:42:47] [INFO] Starting optimization for 8-point FFT
[2026-02-11 19:42:47] [INFO] ============================================================

[2026-02-11 19:42:47] [INFO] Initialized FFT-8 optimization problem
[2026-02-11 19:42:47] [INFO] Chromosome length: 24
[2026-02-11 19:42:47] [INFO] Number of stages: 3
[2026-02-11 19:42:47] [INFO] Total butterflies: 12
[2026-02-11 19:42:47] [INFO] NSGA-II Configuration:
[2026-02-11 19:42:47] [INFO]   Population size: 6
[2026-02-11 19:42:47] [INFO]   Generations: 3
[2026-02-11 19:42:47] [INFO]   Crossover rate: 0.9
[2026-02-11 19:42:47] [INFO]   Mutation rate: 0.05
[2026-02-11 19:42:47] [INFO]   Objectives: 3
[2026-02-11 19:42:47] [INFO]   Parallel threads: 4
[2026-02-11 19:42:47] [INFO] Starting NSGA-II evolution...
[2026-02-11 19:43:22] [INFO] Initialized directory structure
[2026-02-11 19:43:22] [INFO] Running quick test with 8-point FFT
[2026-02-11 19:43:22] [INFO] Setting up Verilog source files
[2026-02-11 19:43:22] [WARN] Warning: adder.v not found in uploads
[2026-02-11 19:43:22] [WARN] Warning: multiplier.v not found in uploads
[2026-02-11 19:43:22] [WARN] Warning: mixed_precision_wrappers.v not found in uploads
[2026-02-11 19:43:22] [WARN] Warning: twiddle_rom.v not found in uploads
[2026-02-11 19:43:22] [WARN] Warning: agu.v not found in uploads
[2026-02-11 19:43:22] [WARN] Warning: memory.v not found in uploads
[2026-02-11 19:43:22] [INFO] 
============================================================
[2026-02-11 19:43:22] [INFO] Starting optimization for 8-point FFT
[2026-02-11 19:43:22] [INFO] ============================================================

[2026-02-11 19:43:22] [INFO] Initialized FFT-8 optimization problem
[2026-02-11 19:43:22] [INFO] Chromosome length: 24
[2026-02-11 19:43:22] [INFO] Number of stages: 3
[2026-02-11 19:43:22] [INFO] Total butterflies: 12
[2026-02-11 19:43:22] [INFO] NSGA-II Configuration:
[2026-02-11 19:43:22] [INFO]   Population size: 6
[2026-02-11 19:43:22] [INFO]   Generations: 3
[2026-02-11 19:43:22] [INFO]   Crossover rate: 0.9
[2026-02-11 19:43:22] [INFO]   Mutation rate: 0.05
[2026-02-11 19:43:22] [INFO]   Objectives: 3
[2026-02-11 19:43:22] [INFO]   Parallel threads: 4
[2026-02-11 19:43:22] [INFO] Starting NSGA-II evolution...
[2026-02-11 19:44:31] [INFO] Initialized directory structure
[2026-02-11 19:44:31] [INFO] Running quick test with 8-point FFT
[2026-02-11 19:44:31] [INFO] Setting up Verilog source files
[2026-02-11 19:44:31] [WARN] Warning: adder.v not found in uploads
[2026-02-11 19:44:31] [WARN] Warning: multiplier.v not found in uploads
[2026-02-11 19:44:31] [WARN] Warning: mixed_precision_wrappers.v not found in uploads
[2026-02-11 19:44:31] [WARN] Warning: twiddle_rom.v not found in uploads
[2026-02-11 19:44:31] [WARN] Warning: agu.v not found in uploads
[2026-02-11 19:44:31] [WARN] Warning: memory.v not found in uploads
[2026-02-11 19:44:31] [INFO] 
============================================================
[2026-02-11 19:44:31] [INFO] Starting optimization for 8-point FFT
[2026-02-11 19:44:31] [INFO] ============================================================

[2026-02-11 19:44:31] [INFO] Initialized FFT-8 optimization problem
[2026-02-11 19:44:31] [INFO] Chromosome length: 24
[2026-02-11 19:44:31] [INFO] Number of stages: 3
[2026-02-11 19:44:31] [INFO] Total butterflies: 12
[2026-02-11 19:44:31] [INFO] NSGA-II Configuration:
[2026-02-11 19:44:31] [INFO]   Population size: 6
[2026-02-11 19:44:31] [INFO]   Generations: 3
[2026-02-11 19:44:31] [INFO]   Crossover rate: 0.9
[2026-02-11 19:44:31] [INFO]   Mutation rate: 0.05
[2026-02-11 19:44:31] [INFO]   Objectives: 3
[2026-02-11 19:44:31] [INFO]   Parallel threads: 4
[2026-02-11 19:44:31] [INFO] Starting NSGA-II evolution...
